2024-07-10T13:08:09.475856 - Erreur de connexion: HTTPConnectionPool(host='selenium', port=4444): Max retries exceeded with url: /wd/hub/status (Caused by NewConnectionError('<urllib3.connection.HTTPConnection object at 0x7f80c8ca8c70>: Failed to establish a new connection: [Errno 111] Connection refused'))
2024-07-10T13:08:10.502319 - Erreur de connexion: HTTPConnectionPool(host='selenium', port=4444): Max retries exceeded with url: /wd/hub/status (Caused by NewConnectionError('<urllib3.connection.HTTPConnection object at 0x7f80c8c48760>: Failed to establish a new connection: [Errno 111] Connection refused'))
2024-07-10T13:08:11.523688 - Erreur de connexion: HTTPConnectionPool(host='selenium', port=4444): Max retries exceeded with url: /wd/hub/status (Caused by NewConnectionError('<urllib3.connection.HTTPConnection object at 0x7f80c8c48160>: Failed to establish a new connection: [Errno 111] Connection refused'))
2024-07-10T13:13:12.617653 - Tentative 1: Selenium Grid n'est pas prêt, attente... Erreur: Message: Could not start a new session. New session request timed out 
Host info: host: '36b026ab42da', ip: '192.168.48.2'
Build info: version: '4.22.0', revision: 'c5f3146703'
System info: os.name: 'Linux', os.arch: 'amd64', os.version: '6.6.31-linuxkit', java.version: '17.0.11'
Driver info: driver.version: unknown
Stacktrace:
    at org.openqa.selenium.grid.sessionqueue.local.LocalNewSessionQueue.addToQueue (LocalNewSessionQueue.java:221)
    at org.openqa.selenium.grid.sessionqueue.NewSessionQueue.lambda$new$0 (NewSessionQueue.java:68)
    at org.openqa.selenium.remote.http.Route$TemplatizedRoute.handle (Route.java:192)
    at org.openqa.selenium.remote.http.Route.execute (Route.java:69)
    at org.openqa.selenium.remote.http.Route$CombinedRoute.handle (Route.java:360)
    at org.openqa.selenium.remote.http.Route.execute (Route.java:69)
    at org.openqa.selenium.grid.sessionqueue.NewSessionQueue.execute (NewSessionQueue.java:128)
    at org.openqa.selenium.remote.tracing.SpanWrappedHttpHandler.execute (SpanWrappedHttpHandler.java:87)
    at org.openqa.selenium.remote.http.Filter$1.execute (Filter.java:63)
    at org.openqa.selenium.remote.http.Route$CombinedRoute.handle (Route.java:360)
    at org.openqa.selenium.remote.http.Route.execute (Route.java:69)
    at org.openqa.selenium.grid.router.Router.execute (Router.java:87)
    at org.openqa.selenium.grid.web.EnsureSpecCompliantResponseHeaders.lambda$apply$0 (EnsureSpecCompliantResponseHeaders.java:34)
    at org.openqa.selenium.remote.http.Filter$1.execute (Filter.java:63)
    at org.openqa.selenium.remote.http.Route$CombinedRoute.handle (Route.java:360)
    at org.openqa.selenium.remote.http.Route.execute (Route.java:69)
    at org.openqa.selenium.remote.http.Route$NestedRoute.handle (Route.java:270)
    at org.openqa.selenium.remote.http.Route.execute (Route.java:69)
    at org.openqa.selenium.remote.http.Route$CombinedRoute.handle (Route.java:360)
    at org.openqa.selenium.remote.http.Route.execute (Route.java:69)
    at org.openqa.selenium.remote.AddWebDriverSpecHeaders.lambda$apply$0 (AddWebDriverSpecHeaders.java:35)
    at org.openqa.selenium.remote.ErrorFilter.lambda$apply$0 (ErrorFilter.java:44)
    at org.openqa.selenium.remote.http.Filter$1.execute (Filter.java:63)
    at org.openqa.selenium.remote.ErrorFilter.lambda$apply$0 (ErrorFilter.java:44)
    at org.openqa.selenium.remote.http.Filter$1.execute (Filter.java:63)
    at org.openqa.selenium.netty.server.SeleniumHandler.lambda$channelRead0$0 (SeleniumHandler.java:44)
    at java.util.concurrent.Executors$RunnableAdapter.call (None:-1)
    at java.util.concurrent.FutureTask.run (None:-1)
    at java.util.concurrent.ThreadPoolExecutor.runWorker (None:-1)
    at java.util.concurrent.ThreadPoolExecutor$Worker.run (None:-1)
    at java.lang.Thread.run (None:-1)
