2024-07-10T05:35:17.370161 - Erreur de connexion: HTTPConnectionPool(host='selenium', port=4444): Max retries exceeded with url: /wd/hub/status (Caused by NewConnectionError('<urllib3.connection.HTTPConnection object at 0x7f568c930b80>: Failed to establish a new connection: [Errno 111] Connection refused'))
2024-07-10T05:35:17.395648 - En attente de Selenium Grid...
2024-07-10T05:35:18.440875 - Erreur de connexion: HTTPConnectionPool(host='selenium', port=4444): Max retries exceeded with url: /wd/hub/status (Caused by NewConnectionError('<urllib3.connection.HTTPConnection object at 0x7f568c8d05e0>: Failed to establish a new connection: [Errno 111] Connection refused'))
2024-07-10T05:35:18.452460 - En attente de Selenium Grid...
2024-07-10T05:35:19.469071 - Erreur de connexion: HTTPConnectionPool(host='selenium', port=4444): Max retries exceeded with url: /wd/hub/status (Caused by NewConnectionError('<urllib3.connection.HTTPConnection object at 0x7f568c922f40>: Failed to establish a new connection: [Errno 111] Connection refused'))
2024-07-10T05:35:19.482048 - En attente de Selenium Grid...
2024-07-10T05:35:20.500186 - Erreur de connexion: HTTPConnectionPool(host='selenium', port=4444): Max retries exceeded with url: /wd/hub/status (Caused by NewConnectionError('<urllib3.connection.HTTPConnection object at 0x7f568c9309d0>: Failed to establish a new connection: [Errno 111] Connection refused'))
2024-07-10T05:35:20.541845 - En attente de Selenium Grid...
2024-07-10T05:35:21.581089 - Selenium Grid est prêt.
2024-07-10T05:35:46.495661 - Connexion au Selenium Grid réussie.
2024-07-10T05:35:48.343176 - Félicitations ! L'accès à l'URL a été réussi.
2024-07-10T05:35:52.093084 - Les cookies ont bien été acceptés
2024-07-10T05:35:52.119186 - Début de la procédure de connexion
2024-07-10T05:35:52.852266 - Cliquer sur l'icône de connexion
2024-07-10T05:35:52.879998 - Tentative de clic sur l'élément: //*[@id='header']/div/div/div[5]/button/svg
2024-07-10T05:36:13.165449 - Erreur lors du clic sur l'élément: //*[@id='header']/div/div/div[5]/button/svg, Erreur: Message: 
Stacktrace:
#0 0x561a65b6169a <unknown>
#1 0x561a658440dc <unknown>
#2 0x561a65890931 <unknown>
#3 0x561a65890a21 <unknown>
#4 0x561a658d5234 <unknown>
#5 0x561a658b389d <unknown>
#6 0x561a658d25c3 <unknown>
#7 0x561a658b3613 <unknown>
#8 0x561a658834f7 <unknown>
#9 0x561a65883e4e <unknown>
#10 0x561a65b2786b <unknown>
#11 0x561a65b2b911 <unknown>
#12 0x561a65b1335e <unknown>
#13 0x561a65b2c472 <unknown>
#14 0x561a65af7cbf <unknown>
#15 0x561a65b51098 <unknown>
#16 0x561a65b51270 <unknown>
#17 0x561a65b607cc <unknown>
#18 0x7fc93c83fac3 <unknown>

2024-07-10T05:36:13.185413 - Erreur lors de la connexion: Message: 
Stacktrace:
#0 0x561a65b6169a <unknown>
#1 0x561a658440dc <unknown>
#2 0x561a65890931 <unknown>
#3 0x561a65890a21 <unknown>
#4 0x561a658d5234 <unknown>
#5 0x561a658b389d <unknown>
#6 0x561a658d25c3 <unknown>
#7 0x561a658b3613 <unknown>
#8 0x561a658834f7 <unknown>
#9 0x561a65883e4e <unknown>
#10 0x561a65b2786b <unknown>
#11 0x561a65b2b911 <unknown>
#12 0x561a65b1335e <unknown>
#13 0x561a65b2c472 <unknown>
#14 0x561a65af7cbf <unknown>
#15 0x561a65b51098 <unknown>
#16 0x561a65b51270 <unknown>
#17 0x561a65b607cc <unknown>
#18 0x7fc93c83fac3 <unknown>

