2024-07-10T05:43:51.338644 - Erreur de connexion: HTTPConnectionPool(host='selenium', port=4444): Max retries exceeded with url: /wd/hub/status (Caused by NewConnectionError('<urllib3.connection.HTTPConnection object at 0x7f465989fb80>: Failed to establish a new connection: [Errno 111] Connection refused'))
2024-07-10T05:43:51.374522 - En attente de Selenium Grid...
2024-07-10T05:43:52.402011 - Erreur de connexion: HTTPConnectionPool(host='selenium', port=4444): Max retries exceeded with url: /wd/hub/status (Caused by NewConnectionError('<urllib3.connection.HTTPConnection object at 0x7f465983f5e0>: Failed to establish a new connection: [Errno 111] Connection refused'))
2024-07-10T05:43:52.423657 - En attente de Selenium Grid...
2024-07-10T05:43:53.440611 - Erreur de connexion: HTTPConnectionPool(host='selenium', port=4444): Max retries exceeded with url: /wd/hub/status (Caused by NewConnectionError('<urllib3.connection.HTTPConnection object at 0x7f4659890fd0>: Failed to establish a new connection: [Errno 111] Connection refused'))
2024-07-10T05:43:53.459420 - En attente de Selenium Grid...
2024-07-10T05:43:54.502778 - Selenium Grid est prêt.
2024-07-10T05:44:35.560236 - Connexion au Selenium Grid réussie.
2024-07-10T05:44:37.413822 - Félicitations ! L'accès à l'URL a été réussi.
2024-07-10T05:44:41.459263 - Les cookies ont bien été acceptés
2024-07-10T05:44:41.485820 - Début de la procédure de connexion
2024-07-10T05:44:41.534709 - Cliquer sur l'icône de connexion
2024-07-10T05:44:41.551428 - Tentative de clic sur l'élément: //*[name()='svg' and @data-testid='ExpandMoreIcon']
2024-07-10T05:44:42.522775 - Clic réussi sur l'élément: //*[name()='svg' and @data-testid='ExpandMoreIcon']
2024-07-10T05:44:47.536683 - Cliquer sur le bouton 'Se connecter'
2024-07-10T05:44:47.555883 - Tentative de clic sur l'élément: //*[@id='main-header-menu']/a[2]/div/span
2024-07-10T05:44:47.903445 - Clic réussi sur l'élément: //*[@id='main-header-menu']/a[2]/div/span
2024-07-10T05:44:52.918526 - Saisir l'adresse email
2024-07-10T05:44:52.936266 - Tentative d'envoi de touches à l'élément: field-userEmail-1
2024-07-10T05:44:53.346967 - Envoi de touches réussi à l'élément: field-userEmail-1
2024-07-10T05:44:53.359741 - Tentative d'envoi de touches à l'élément: field-userEmail-1
2024-07-10T05:44:53.594079 - Envoi de touches réussi à l'élément: field-userEmail-1
2024-07-10T05:44:55.608437 - Cliquer sur le bouton 'Continuer'
2024-07-10T05:44:55.620742 - Tentative de clic sur l'élément: continue-button
2024-07-10T05:45:16.170626 - Erreur lors du clic sur l'élément: continue-button, Erreur: Message: 
Stacktrace:
#0 0x563705c1d69a <unknown>
#1 0x5637059000dc <unknown>
#2 0x56370594c931 <unknown>
#3 0x56370594ca21 <unknown>
#4 0x563705991234 <unknown>
#5 0x56370596f89d <unknown>
#6 0x56370598e5c3 <unknown>
#7 0x56370596f613 <unknown>
#8 0x56370593f4f7 <unknown>
#9 0x56370593fe4e <unknown>
#10 0x563705be386b <unknown>
#11 0x563705be7911 <unknown>
#12 0x563705bcf35e <unknown>
#13 0x563705be8472 <unknown>
#14 0x563705bb3cbf <unknown>
#15 0x563705c0d098 <unknown>
#16 0x563705c0d270 <unknown>
#17 0x563705c1c7cc <unknown>
#18 0x7f73e4ca0ac3 <unknown>

2024-07-10T05:45:16.197459 - Erreur lors de la connexion: Message: 
Stacktrace:
#0 0x563705c1d69a <unknown>
#1 0x5637059000dc <unknown>
#2 0x56370594c931 <unknown>
#3 0x56370594ca21 <unknown>
#4 0x563705991234 <unknown>
#5 0x56370596f89d <unknown>
#6 0x56370598e5c3 <unknown>
#7 0x56370596f613 <unknown>
#8 0x56370593f4f7 <unknown>
#9 0x56370593fe4e <unknown>
#10 0x563705be386b <unknown>
#11 0x563705be7911 <unknown>
#12 0x563705bcf35e <unknown>
#13 0x563705be8472 <unknown>
#14 0x563705bb3cbf <unknown>
#15 0x563705c0d098 <unknown>
#16 0x563705c0d270 <unknown>
#17 0x563705c1c7cc <unknown>
#18 0x7f73e4ca0ac3 <unknown>

