2024-07-10T08:14:43.243288 - Erreur de connexion: HTTPConnectionPool(host='selenium', port=4444): Max retries exceeded with url: /wd/hub/status (Caused by NewConnectionError('<urllib3.connection.HTTPConnection object at 0x7fb30804fb80>: Failed to establish a new connection: [Errno 111] Connection refused'))
2024-07-10T08:14:43.263379 - En attente de Selenium Grid...
2024-07-10T08:14:44.281807 - Erreur de connexion: HTTPConnectionPool(host='selenium', port=4444): Max retries exceeded with url: /wd/hub/status (Caused by NewConnectionError('<urllib3.connection.HTTPConnection object at 0x7fb307fef5e0>: Failed to establish a new connection: [Errno 111] Connection refused'))
2024-07-10T08:14:44.293655 - En attente de Selenium Grid...
2024-07-10T08:14:45.311149 - Erreur de connexion: HTTPConnectionPool(host='selenium', port=4444): Max retries exceeded with url: /wd/hub/status (Caused by NewConnectionError('<urllib3.connection.HTTPConnection object at 0x7fb308040fd0>: Failed to establish a new connection: [Errno 111] Connection refused'))
2024-07-10T08:14:45.341897 - En attente de Selenium Grid...
2024-07-10T08:14:46.375364 - Erreur de connexion: HTTPConnectionPool(host='selenium', port=4444): Max retries exceeded with url: /wd/hub/status (Caused by NewConnectionError('<urllib3.connection.HTTPConnection object at 0x7fb30804fa60>: Failed to establish a new connection: [Errno 111] Connection refused'))
2024-07-10T08:14:46.389442 - En attente de Selenium Grid...
2024-07-10T08:14:47.635971 - Selenium Grid est prêt.
2024-07-10T08:14:48.439686 - Connexion au Selenium Grid réussie.
2024-07-10T08:14:49.348408 - Félicitations ! L'accès à l'URL a été réussi.
2024-07-10T08:14:52.105980 - Les cookies ont bien été acceptés
2024-07-10T08:14:52.157730 - Début de la procédure de connexion
2024-07-10T08:14:52.184329 - Cliquer sur l'icône de connexion
2024-07-10T08:14:52.202357 - Tentative de clic sur l'élément: //*[name()='svg' and @data-testid='ExpandMoreIcon']
2024-07-10T08:14:53.241179 - Clic réussi sur l'élément: //*[name()='svg' and @data-testid='ExpandMoreIcon']
2024-07-10T08:14:58.252678 - Cliquer sur le bouton 'Se connecter'
2024-07-10T08:14:58.260769 - Tentative de clic sur l'élément: //*[@id='main-header-menu']/a[2]/div/span
2024-07-10T08:14:58.488622 - Clic réussi sur l'élément: //*[@id='main-header-menu']/a[2]/div/span
2024-07-10T08:15:03.502664 - Saisir l'adresse email
2024-07-10T08:15:03.509464 - Tentative d'envoi de touches à l'élément: field-userEmail-1
2024-07-10T08:15:03.755859 - Envoi de touches réussi à l'élément: field-userEmail-1
2024-07-10T08:15:03.764642 - Tentative d'envoi de touches à l'élément: field-userEmail-1
2024-07-10T08:15:03.917876 - Envoi de touches réussi à l'élément: field-userEmail-1
2024-07-10T08:15:05.938661 - Cliquer sur le bouton 'Continuer'
2024-07-10T08:15:05.946836 - Saisir le mot de passe
2024-07-10T08:15:05.953730 - Tentative d'envoi de touches à l'élément: _password
2024-07-10T08:15:06.113170 - Envoi de touches réussi à l'élément: _password
2024-07-10T08:15:06.120399 - Tentative d'envoi de touches à l'élément: _password
2024-07-10T08:15:06.205436 - Envoi de touches réussi à l'élément: _password
2024-07-10T08:15:06.214866 - Connexion réussie
2024-07-10T08:15:06.223892 - Cliquer sur l'icône de compte
2024-07-10T08:15:06.233366 - Tentative de clic sur l'élément: div[data-testid='avatar-root']
2024-07-10T08:15:11.166071 - Clic réussi sur l'élément: div[data-testid='avatar-root']
2024-07-10T08:15:13.195545 - Cliquer sur le bouton de déconnexion
2024-07-10T08:15:13.226580 - Tentative de clic sur l'élément: span.sc-iqcoie.dzyXUh .MuiTypography-root.MuiTypography-body.dom-services-2-dom-services106
2024-07-10T08:15:33.644324 - Erreur lors du clic sur l'élément: span.sc-iqcoie.dzyXUh .MuiTypography-root.MuiTypography-body.dom-services-2-dom-services106, Erreur: Message: 
Stacktrace:
#0 0x564916c3a69a <unknown>
#1 0x56491691d0dc <unknown>
#2 0x564916969931 <unknown>
#3 0x564916969a21 <unknown>
#4 0x5649169ae234 <unknown>
#5 0x56491698c89d <unknown>
#6 0x5649169ab5c3 <unknown>
#7 0x56491698c613 <unknown>
#8 0x56491695c4f7 <unknown>
#9 0x56491695ce4e <unknown>
#10 0x564916c0086b <unknown>
#11 0x564916c04911 <unknown>
#12 0x564916bec35e <unknown>
#13 0x564916c05472 <unknown>
#14 0x564916bd0cbf <unknown>
#15 0x564916c2a098 <unknown>
#16 0x564916c2a270 <unknown>
#17 0x564916c397cc <unknown>
#18 0x7fa66657cac3 <unknown>

2024-07-10T08:15:33.690633 - Erreur lors de la déconnexion: Message: 
Stacktrace:
#0 0x564916c3a69a <unknown>
#1 0x56491691d0dc <unknown>
#2 0x564916969931 <unknown>
#3 0x564916969a21 <unknown>
#4 0x5649169ae234 <unknown>
#5 0x56491698c89d <unknown>
#6 0x5649169ab5c3 <unknown>
#7 0x56491698c613 <unknown>
#8 0x56491695c4f7 <unknown>
#9 0x56491695ce4e <unknown>
#10 0x564916c0086b <unknown>
#11 0x564916c04911 <unknown>
#12 0x564916bec35e <unknown>
#13 0x564916c05472 <unknown>
#14 0x564916bd0cbf <unknown>
#15 0x564916c2a098 <unknown>
#16 0x564916c2a270 <unknown>
#17 0x564916c397cc <unknown>
#18 0x7fa66657cac3 <unknown>

