2024-07-10T10:43:57.100671 - Erreur de connexion: HTTPConnectionPool(host='selenium', port=4444): Max retries exceeded with url: /wd/hub/status (Caused by NewConnectionError('<urllib3.connection.HTTPConnection object at 0x7f0d7be1bcd0>: Failed to establish a new connection: [Errno 111] Connection refused'))
2024-07-10T10:43:57.120710 - En attente de Selenium Grid...
2024-07-10T10:43:58.140277 - Erreur de connexion: HTTPConnectionPool(host='selenium', port=4444): Max retries exceeded with url: /wd/hub/status (Caused by NewConnectionError('<urllib3.connection.HTTPConnection object at 0x7f0d7bdab790>: Failed to establish a new connection: [Errno 111] Connection refused'))
2024-07-10T10:43:58.154035 - En attente de Selenium Grid...
2024-07-10T10:43:59.170480 - Erreur de connexion: HTTPConnectionPool(host='selenium', port=4444): Max retries exceeded with url: /wd/hub/status (Caused by NewConnectionError('<urllib3.connection.HTTPConnection object at 0x7f0d7bdab190>: Failed to establish a new connection: [Errno 111] Connection refused'))
2024-07-10T10:43:59.182838 - En attente de Selenium Grid...
2024-07-10T10:44:00.206120 - Erreur de connexion: HTTPConnectionPool(host='selenium', port=4444): Max retries exceeded with url: /wd/hub/status (Caused by NewConnectionError('<urllib3.connection.HTTPConnection object at 0x7f0d7be1b1c0>: Failed to establish a new connection: [Errno 111] Connection refused'))
2024-07-10T10:44:00.224030 - En attente de Selenium Grid...
2024-07-10T10:44:01.267622 - Selenium Grid est prêt.
2024-07-10T10:44:57.230513 - Connexion au Selenium Grid réussie.
2024-07-10T10:44:58.352590 - Félicitations ! L'accès à l'URL a été réussi.
2024-07-10T10:45:01.124324 - Les cookies ont bien été acceptés
2024-07-10T10:45:01.141384 - Début de la procédure de connexion
2024-07-10T10:45:01.166988 - Cliquer sur l'icône de connexion
2024-07-10T10:45:01.183080 - Tentative de clic sur l'élément: //*[name()='svg' and @data-testid='ExpandMoreIcon']
2024-07-10T10:45:02.557854 - Clic réussi sur l'élément: //*[name()='svg' and @data-testid='ExpandMoreIcon']
2024-07-10T10:45:07.574533 - Cliquer sur le bouton 'Se connecter'
2024-07-10T10:45:07.589627 - Tentative de clic sur l'élément: //*[@id='main-header-menu']/a[2]/div/span
2024-07-10T10:45:07.842316 - Clic réussi sur l'élément: //*[@id='main-header-menu']/a[2]/div/span
2024-07-10T10:45:12.859867 - Saisir l'adresse email
2024-07-10T10:45:12.881523 - Tentative d'envoi de touches à l'élément: field-userEmail-1
2024-07-10T10:45:13.183174 - Envoi de touches réussi à l'élément: field-userEmail-1
2024-07-10T10:45:13.195718 - Tentative d'envoi de touches à l'élément: field-userEmail-1
2024-07-10T10:45:13.344731 - Envoi de touches réussi à l'élément: field-userEmail-1
2024-07-10T10:45:15.358592 - Cliquer sur le bouton 'Continuer'
2024-07-10T10:45:15.375774 - Saisir le mot de passe
2024-07-10T10:45:15.389218 - Tentative d'envoi de touches à l'élément: _password
2024-07-10T10:45:15.677214 - Envoi de touches réussi à l'élément: _password
2024-07-10T10:45:15.697656 - Tentative d'envoi de touches à l'élément: _password
2024-07-10T10:45:15.898474 - Envoi de touches réussi à l'élément: _password
2024-07-10T10:45:15.912360 - Connexion réussie
2024-07-10T10:45:19.853232 - etape reussie
2024-07-10T10:45:30.191592 - Erreur lors du clique sur le bouton de recherche : Message: 
Stacktrace:
#0 0x555ed9f5a69a <unknown>
#1 0x555ed9c3d0dc <unknown>
#2 0x555ed9c89931 <unknown>
#3 0x555ed9c89a21 <unknown>
#4 0x555ed9cce234 <unknown>
#5 0x555ed9cac89d <unknown>
#6 0x555ed9ccb5c3 <unknown>
#7 0x555ed9cac613 <unknown>
#8 0x555ed9c7c4f7 <unknown>
#9 0x555ed9c7ce4e <unknown>
#10 0x555ed9f2086b <unknown>
#11 0x555ed9f24911 <unknown>
#12 0x555ed9f0c35e <unknown>
#13 0x555ed9f25472 <unknown>
#14 0x555ed9ef0cbf <unknown>
#15 0x555ed9f4a098 <unknown>
#16 0x555ed9f4a270 <unknown>
#17 0x555ed9f597cc <unknown>
#18 0x7f9760f30ac3 <unknown>

2024-07-10T10:45:36.457592 - Erreur la recherche a échoué : Message: element click intercepted: Element <input id="algolia-search-input" class="dom-services-1-dom-services56" role="searchbox" type="search" autocomplete="off" title="Rechercher" placeholder="Rechercher (cours, parcours, mots-clés...)" aria-label="Rechercher (cours, parcours, mots-clés...)" autocapitalize="off" autocorrect="off" spellcheck="false" data-isexpanded="false" tabindex="-1" value="" style="width: 0px;"> is not clickable at point (655, 27). Other element would receive the click: <path d="M15.5 14h-.79l-.28-.27C15.41 12.59 16 11.11 16 9.5 16 5.91 13.09 3 9.5 3S3 5.91 3 9.5 5.91 16 9.5 16c1.61 0 3.09-.59 4.23-1.57l.27.28v.79l5 4.99L20.49 19zm-6 0C7.01 14 5 11.99 5 9.5S7.01 5 9.5 5 14 7.01 14 9.5 11.99 14 9.5 14"></path>
  (Session info: chrome-headless-shell=126.0.6478.114)
Stacktrace:
#0 0x555ed9f5a69a <unknown>
#1 0x555ed9c3d0dc <unknown>
#2 0x555ed9c906c6 <unknown>
#3 0x555ed9c8e516 <unknown>
#4 0x555ed9c8bef7 <unknown>
#5 0x555ed9c8ad2c <unknown>
#6 0x555ed9c7e40f <unknown>
#7 0x555ed9cac872 <unknown>
#8 0x555ed9c7dd89 <unknown>
#9 0x555ed9caca3e <unknown>
#10 0x555ed9ccb5c3 <unknown>
#11 0x555ed9cac613 <unknown>
#12 0x555ed9c7c4f7 <unknown>
#13 0x555ed9c7ce4e <unknown>
#14 0x555ed9f2086b <unknown>
#15 0x555ed9f24911 <unknown>
#16 0x555ed9f0c35e <unknown>
#17 0x555ed9f25472 <unknown>
#18 0x555ed9ef0cbf <unknown>
#19 0x555ed9f4a098 <unknown>
#20 0x555ed9f4a270 <unknown>
#21 0x555ed9f597cc <unknown>
#22 0x7f9760f30ac3 <unknown>

2024-07-10T10:45:46.592045 - Erreur lors de la selectionnion du 3 ème élément de la liste de recherche : Message: 
Stacktrace:
#0 0x555ed9f5a69a <unknown>
#1 0x555ed9c3d0dc <unknown>
#2 0x555ed9c89931 <unknown>
#3 0x555ed9c89a21 <unknown>
#4 0x555ed9cce234 <unknown>
#5 0x555ed9cac89d <unknown>
#6 0x555ed9ccb5c3 <unknown>
#7 0x555ed9cac613 <unknown>
#8 0x555ed9c7c4f7 <unknown>
#9 0x555ed9c7ce4e <unknown>
#10 0x555ed9f2086b <unknown>
#11 0x555ed9f24911 <unknown>
#12 0x555ed9f0c35e <unknown>
#13 0x555ed9f25472 <unknown>
#14 0x555ed9ef0cbf <unknown>
#15 0x555ed9f4a098 <unknown>
#16 0x555ed9f4a270 <unknown>
#17 0x555ed9f597cc <unknown>
#18 0x7f9760f30ac3 <unknown>

2024-07-10T10:45:46.607218 - Cliquer sur l'icône de compte
2024-07-10T10:45:46.625232 - Tentative de clic sur l'élément: div[data-testid='avatar-root']
2024-07-10T10:45:47.125035 - Clic réussi sur l'élément: div[data-testid='avatar-root']
2024-07-10T10:45:47.151127 - Etape reussie
2024-07-10T10:45:49.209028 - Cliquer sur le bouton de déconnexion
2024-07-10T10:45:49.234908 - Tentative de clic sur l'élément: div[data-testid='avatar-root']
2024-07-10T10:45:49.540093 - Clic réussi sur l'élément: div[data-testid='avatar-root']
2024-07-10T10:45:49.566628 - Déconnexion réussie
2024-07-10T10:45:51.586010 - Fermeture du WebDriver.
2024-07-10T10:45:51.599361 - Fermeture du WebDriver.
