2024-07-10T08:11:58.564881 - Erreur de connexion: HTTPConnectionPool(host='selenium', port=4444): Max retries exceeded with url: /wd/hub/status (Caused by NewConnectionError('<urllib3.connection.HTTPConnection object at 0x7ff877509b20>: Failed to establish a new connection: [Errno 111] Connection refused'))
2024-07-10T08:11:58.581610 - En attente de Selenium Grid...
2024-07-10T08:11:59.600996 - Erreur de connexion: HTTPConnectionPool(host='selenium', port=4444): Max retries exceeded with url: /wd/hub/status (Caused by NewConnectionError('<urllib3.connection.HTTPConnection object at 0x7ff8774a65e0>: Failed to establish a new connection: [Errno 111] Connection refused'))
2024-07-10T08:11:59.613328 - En attente de Selenium Grid...
2024-07-10T08:12:00.627896 - Erreur de connexion: HTTPConnectionPool(host='selenium', port=4444): Max retries exceeded with url: /wd/hub/status (Caused by NewConnectionError('<urllib3.connection.HTTPConnection object at 0x7ff8774f9fd0>: Failed to establish a new connection: [Errno 111] Connection refused'))
2024-07-10T08:12:00.641389 - En attente de Selenium Grid...
2024-07-10T08:12:01.676643 - Selenium Grid est prêt.
2024-07-10T08:12:27.471224 - Connexion au Selenium Grid réussie.
2024-07-10T08:12:28.266067 - Félicitations ! L'accès à l'URL a été réussi.
2024-07-10T08:12:31.216905 - Les cookies ont bien été acceptés
2024-07-10T08:12:31.250363 - Début de la procédure de connexion
2024-07-10T08:12:31.284317 - Cliquer sur l'icône de connexion
2024-07-10T08:12:31.299933 - Tentative de clic sur l'élément: //*[name()='svg' and @data-testid='ExpandMoreIcon']
2024-07-10T08:12:32.730326 - Clic réussi sur l'élément: //*[name()='svg' and @data-testid='ExpandMoreIcon']
2024-07-10T08:12:37.757572 - Cliquer sur le bouton 'Se connecter'
2024-07-10T08:12:37.765066 - Tentative de clic sur l'élément: //*[@id='main-header-menu']/a[2]/div/span
2024-07-10T08:12:37.937615 - Clic réussi sur l'élément: //*[@id='main-header-menu']/a[2]/div/span
2024-07-10T08:12:42.948551 - Saisir l'adresse email
2024-07-10T08:12:42.973663 - Tentative d'envoi de touches à l'élément: field-userEmail-1
2024-07-10T08:12:43.501696 - Envoi de touches réussi à l'élément: field-userEmail-1
2024-07-10T08:12:43.519584 - Tentative d'envoi de touches à l'élément: field-userEmail-1
2024-07-10T08:12:43.898322 - Envoi de touches réussi à l'élément: field-userEmail-1
2024-07-10T08:12:45.921588 - Cliquer sur le bouton 'Continuer'
2024-07-10T08:12:45.932700 - Saisir le mot de passe
2024-07-10T08:12:45.945739 - Tentative d'envoi de touches à l'élément: _password
2024-07-10T08:12:46.407692 - Envoi de touches réussi à l'élément: _password
2024-07-10T08:12:46.428811 - Tentative d'envoi de touches à l'élément: _password
2024-07-10T08:12:46.731233 - Envoi de touches réussi à l'élément: _password
2024-07-10T08:12:46.751780 - Connexion réussie
2024-07-10T08:12:46.775828 - Cliquer sur l'icône de compte
2024-07-10T08:12:46.797752 - Tentative de clic sur l'élément: div[data-testid='avatar-root']
2024-07-10T08:12:53.303813 - Clic réussi sur l'élément: div[data-testid='avatar-root']
2024-07-10T08:12:55.331638 - Cliquer sur le bouton de déconnexion
2024-07-10T08:12:55.373263 - Tentative de clic sur l'élément: //*[@id='main-header-menu']/div[2]/div[5]/a/div/svg/path
2024-07-10T08:13:15.864874 - Erreur lors du clic sur l'élément: //*[@id='main-header-menu']/div[2]/div[5]/a/div/svg/path, Erreur: Message: 
Stacktrace:
#0 0x5609b5ef969a <unknown>
#1 0x5609b5bdc0dc <unknown>
#2 0x5609b5c28931 <unknown>
#3 0x5609b5c28a21 <unknown>
#4 0x5609b5c6d234 <unknown>
#5 0x5609b5c4b89d <unknown>
#6 0x5609b5c6a5c3 <unknown>
#7 0x5609b5c4b613 <unknown>
#8 0x5609b5c1b4f7 <unknown>
#9 0x5609b5c1be4e <unknown>
#10 0x5609b5ebf86b <unknown>
#11 0x5609b5ec3911 <unknown>
#12 0x5609b5eab35e <unknown>
#13 0x5609b5ec4472 <unknown>
#14 0x5609b5e8fcbf <unknown>
#15 0x5609b5ee9098 <unknown>
#16 0x5609b5ee9270 <unknown>
#17 0x5609b5ef87cc <unknown>
#18 0x7f6c97606ac3 <unknown>

2024-07-10T08:13:15.914238 - Erreur lors de la déconnexion: Message: 
Stacktrace:
#0 0x5609b5ef969a <unknown>
#1 0x5609b5bdc0dc <unknown>
#2 0x5609b5c28931 <unknown>
#3 0x5609b5c28a21 <unknown>
#4 0x5609b5c6d234 <unknown>
#5 0x5609b5c4b89d <unknown>
#6 0x5609b5c6a5c3 <unknown>
#7 0x5609b5c4b613 <unknown>
#8 0x5609b5c1b4f7 <unknown>
#9 0x5609b5c1be4e <unknown>
#10 0x5609b5ebf86b <unknown>
#11 0x5609b5ec3911 <unknown>
#12 0x5609b5eab35e <unknown>
#13 0x5609b5ec4472 <unknown>
#14 0x5609b5e8fcbf <unknown>
#15 0x5609b5ee9098 <unknown>
#16 0x5609b5ee9270 <unknown>
#17 0x5609b5ef87cc <unknown>
#18 0x7f6c97606ac3 <unknown>

