2024-07-10T07:55:22.513233 - Erreur de connexion: HTTPConnectionPool(host='selenium', port=4444): Max retries exceeded with url: /wd/hub/status (Caused by NewConnectionError('<urllib3.connection.HTTPConnection object at 0x7fab141a3b80>: Failed to establish a new connection: [Errno 111] Connection refused'))
2024-07-10T07:55:22.531802 - En attente de Selenium Grid...
2024-07-10T07:55:23.551101 - Erreur de connexion: HTTPConnectionPool(host='selenium', port=4444): Max retries exceeded with url: /wd/hub/status (Caused by NewConnectionError('<urllib3.connection.HTTPConnection object at 0x7fab141425e0>: Failed to establish a new connection: [Errno 111] Connection refused'))
2024-07-10T07:55:23.574508 - En attente de Selenium Grid...
2024-07-10T07:55:24.613099 - Erreur de connexion: HTTPConnectionPool(host='selenium', port=4444): Max retries exceeded with url: /wd/hub/status (Caused by NewConnectionError('<urllib3.connection.HTTPConnection object at 0x7fab14194fd0>: Failed to establish a new connection: [Errno 111] Connection refused'))
2024-07-10T07:55:24.669975 - En attente de Selenium Grid...
2024-07-10T07:55:25.705170 - Erreur de connexion: HTTPConnectionPool(host='selenium', port=4444): Max retries exceeded with url: /wd/hub/status (Caused by NewConnectionError('<urllib3.connection.HTTPConnection object at 0x7fab141a3a60>: Failed to establish a new connection: [Errno 111] Connection refused'))
2024-07-10T07:55:25.754122 - En attente de Selenium Grid...
2024-07-10T07:55:26.797184 - Erreur de connexion: HTTPConnectionPool(host='selenium', port=4444): Max retries exceeded with url: /wd/hub/status (Caused by NewConnectionError('<urllib3.connection.HTTPConnection object at 0x7fab14142fa0>: Failed to establish a new connection: [Errno 111] Connection refused'))
2024-07-10T07:55:26.858677 - En attente de Selenium Grid...
2024-07-10T07:55:27.920099 - Erreur de connexion: HTTPConnectionPool(host='selenium', port=4444): Max retries exceeded with url: /wd/hub/status (Caused by NewConnectionError('<urllib3.connection.HTTPConnection object at 0x7fab141509a0>: Failed to establish a new connection: [Errno 111] Connection refused'))
2024-07-10T07:55:27.948652 - En attente de Selenium Grid...
2024-07-10T07:55:29.030762 - Selenium Grid est prêt.
2024-07-10T07:56:08.898927 - Connexion au Selenium Grid réussie.
2024-07-10T07:56:10.360792 - Félicitations ! L'accès à l'URL a été réussi.
2024-07-10T07:56:13.354268 - Les cookies ont bien été acceptés
2024-07-10T07:56:13.459556 - Début de la procédure de connexion
2024-07-10T07:56:13.513184 - Cliquer sur l'icône de connexion
2024-07-10T07:56:13.545771 - Tentative de clic sur l'élément: //*[name()='svg' and @data-testid='ExpandMoreIcon']
2024-07-10T07:56:14.962530 - Clic réussi sur l'élément: //*[name()='svg' and @data-testid='ExpandMoreIcon']
2024-07-10T07:56:19.996157 - Cliquer sur le bouton 'Se connecter'
2024-07-10T07:56:20.003246 - Tentative de clic sur l'élément: //*[@id='main-header-menu']/a[2]/div/span
2024-07-10T07:56:20.199447 - Clic réussi sur l'élément: //*[@id='main-header-menu']/a[2]/div/span
2024-07-10T07:56:25.209288 - Saisir l'adresse email
2024-07-10T07:56:25.234376 - Tentative d'envoi de touches à l'élément: field-userEmail-1
2024-07-10T07:56:25.965891 - Envoi de touches réussi à l'élément: field-userEmail-1
2024-07-10T07:56:25.986446 - Tentative d'envoi de touches à l'élément: field-userEmail-1
2024-07-10T07:56:26.468742 - Envoi de touches réussi à l'élément: field-userEmail-1
2024-07-10T07:56:28.503193 - Cliquer sur le bouton 'Continuer'
2024-07-10T07:56:28.518979 - Saisir le mot de passe
2024-07-10T07:56:28.536386 - Tentative d'envoi de touches à l'élément: _password
2024-07-10T07:56:29.006689 - Envoi de touches réussi à l'élément: _password
2024-07-10T07:56:29.041243 - Tentative d'envoi de touches à l'élément: _password
2024-07-10T07:56:29.385329 - Envoi de touches réussi à l'élément: _password
2024-07-10T07:56:29.404403 - Connexion réussie
2024-07-10T07:56:29.437854 - Cliquer sur l'icône de compte
2024-07-10T07:56:29.454381 - Tentative de clic sur l'élément: //*[@id="header"]/div/div/div[5]/button/svg
2024-07-10T07:56:49.817280 - Erreur lors du clic sur l'élément: //*[@id="header"]/div/div/div[5]/button/svg, Erreur: Message: 
Stacktrace:
#0 0x555c8604069a <unknown>
#1 0x555c85d230dc <unknown>
#2 0x555c85d6f931 <unknown>
#3 0x555c85d6fa21 <unknown>
#4 0x555c85db4234 <unknown>
#5 0x555c85d9289d <unknown>
#6 0x555c85db15c3 <unknown>
#7 0x555c85d92613 <unknown>
#8 0x555c85d624f7 <unknown>
#9 0x555c85d62e4e <unknown>
#10 0x555c8600686b <unknown>
#11 0x555c8600a911 <unknown>
#12 0x555c85ff235e <unknown>
#13 0x555c8600b472 <unknown>
#14 0x555c85fd6cbf <unknown>
#15 0x555c86030098 <unknown>
#16 0x555c86030270 <unknown>
#17 0x555c8603f7cc <unknown>
#18 0x7ff0f7c5dac3 <unknown>

2024-07-10T07:56:49.839598 - Erreur lors de la déconnexion: Message: 
Stacktrace:
#0 0x555c8604069a <unknown>
#1 0x555c85d230dc <unknown>
#2 0x555c85d6f931 <unknown>
#3 0x555c85d6fa21 <unknown>
#4 0x555c85db4234 <unknown>
#5 0x555c85d9289d <unknown>
#6 0x555c85db15c3 <unknown>
#7 0x555c85d92613 <unknown>
#8 0x555c85d624f7 <unknown>
#9 0x555c85d62e4e <unknown>
#10 0x555c8600686b <unknown>
#11 0x555c8600a911 <unknown>
#12 0x555c85ff235e <unknown>
#13 0x555c8600b472 <unknown>
#14 0x555c85fd6cbf <unknown>
#15 0x555c86030098 <unknown>
#16 0x555c86030270 <unknown>
#17 0x555c8603f7cc <unknown>
#18 0x7ff0f7c5dac3 <unknown>

