2024-07-10T08:42:29.067206 - Erreur de connexion: HTTPConnectionPool(host='selenium', port=4444): Max retries exceeded with url: /wd/hub/status (Caused by NewConnectionError('<urllib3.connection.HTTPConnection object at 0x7f546f61cb80>: Failed to establish a new connection: [Errno 111] Connection refused'))
2024-07-10T08:42:29.076944 - En attente de Selenium Grid...
2024-07-10T08:42:30.088121 - Erreur de connexion: HTTPConnectionPool(host='selenium', port=4444): Max retries exceeded with url: /wd/hub/status (Caused by NewConnectionError('<urllib3.connection.HTTPConnection object at 0x7f546f5bc5e0>: Failed to establish a new connection: [Errno 111] Connection refused'))
2024-07-10T08:42:30.095830 - En attente de Selenium Grid...
2024-07-10T08:42:31.106812 - Erreur de connexion: HTTPConnectionPool(host='selenium', port=4444): Max retries exceeded with url: /wd/hub/status (Caused by NewConnectionError('<urllib3.connection.HTTPConnection object at 0x7f546f60dfd0>: Failed to establish a new connection: [Errno 111] Connection refused'))
2024-07-10T08:42:31.116935 - En attente de Selenium Grid...
2024-07-10T08:42:32.148055 - Selenium Grid est prêt.
2024-07-10T08:43:06.389780 - Connexion au Selenium Grid réussie.
2024-07-10T08:43:08.053834 - Félicitations ! L'accès à l'URL a été réussi.
2024-07-10T08:43:10.579427 - Les cookies ont bien été acceptés
2024-07-10T08:43:10.606833 - Début de la procédure de connexion
2024-07-10T08:43:10.624505 - Cliquer sur l'icône de connexion
2024-07-10T08:43:10.659959 - Tentative de clic sur l'élément: //*[name()='svg' and @data-testid='ExpandMoreIcon']
2024-07-10T08:43:15.658336 - Clic réussi sur l'élément: //*[name()='svg' and @data-testid='ExpandMoreIcon']
2024-07-10T08:43:20.678758 - Cliquer sur le bouton 'Se connecter'
2024-07-10T08:43:20.703871 - Tentative de clic sur l'élément: //*[@id='main-header-menu']/a[2]/div/span
2024-07-10T08:43:21.196303 - Clic réussi sur l'élément: //*[@id='main-header-menu']/a[2]/div/span
2024-07-10T08:43:26.210644 - Saisir l'adresse email
2024-07-10T08:43:26.247662 - Tentative d'envoi de touches à l'élément: field-userEmail-1
2024-07-10T08:43:26.870153 - Envoi de touches réussi à l'élément: field-userEmail-1
2024-07-10T08:43:26.904759 - Tentative d'envoi de touches à l'élément: field-userEmail-1
2024-07-10T08:43:27.334620 - Envoi de touches réussi à l'élément: field-userEmail-1
2024-07-10T08:43:29.351619 - Cliquer sur le bouton 'Continuer'
2024-07-10T08:43:29.358369 - Saisir le mot de passe
2024-07-10T08:43:29.365782 - Tentative d'envoi de touches à l'élément: _password
2024-07-10T08:43:29.570292 - Envoi de touches réussi à l'élément: _password
2024-07-10T08:43:29.579835 - Tentative d'envoi de touches à l'élément: _password
2024-07-10T08:43:29.680668 - Envoi de touches réussi à l'élément: _password
2024-07-10T08:43:29.690985 - Connexion réussie
2024-07-10T08:43:29.706665 - Cliquer sur l'icône de compte
2024-07-10T08:43:29.728862 - Tentative de clic sur l'élément: div[data-testid='avatar-root']
2024-07-10T08:43:33.052462 - Clic réussi sur l'élément: div[data-testid='avatar-root']
2024-07-10T08:43:33.062009 - Etape reussie
2024-07-10T08:43:35.073654 - Cliquer sur le bouton de déconnexion
2024-07-10T08:43:35.081849 - Tentative de clic sur l'élément: div[data-testid='avatar-root']
2024-07-10T08:43:35.428518 - Clic réussi sur l'élément: div[data-testid='avatar-root']
2024-07-10T08:43:35.436915 - Déconnexion réussie
2024-07-10T08:43:37.448591 - Fermeture du WebDriver.
2024-07-10T08:43:37.456450 - Fermeture du WebDriver.
