2024-07-10T08:37:28.138265 - Erreur de connexion: HTTPConnectionPool(host='selenium', port=4444): Max retries exceeded with url: /wd/hub/status (Caused by NewConnectionError('<urllib3.connection.HTTPConnection object at 0x7effee455b20>: Failed to establish a new connection: [Errno 111] Connection refused'))
2024-07-10T08:37:28.149271 - En attente de Selenium Grid...
2024-07-10T08:37:29.162584 - Erreur de connexion: HTTPConnectionPool(host='selenium', port=4444): Max retries exceeded with url: /wd/hub/status (Caused by NewConnectionError('<urllib3.connection.HTTPConnection object at 0x7effee3f3640>: Failed to establish a new connection: [Errno 111] Connection refused'))
2024-07-10T08:37:29.171121 - En attente de Selenium Grid...
2024-07-10T08:37:30.182467 - Erreur de connexion: HTTPConnectionPool(host='selenium', port=4444): Max retries exceeded with url: /wd/hub/status (Caused by NewConnectionError('<urllib3.connection.HTTPConnection object at 0x7effee445fd0>: Failed to establish a new connection: [Errno 111] Connection refused'))
2024-07-10T08:37:30.215343 - En attente de Selenium Grid...
2024-07-10T08:37:31.251080 - Selenium Grid est prêt.
2024-07-10T08:38:19.239300 - Connexion au Selenium Grid réussie.
2024-07-10T08:38:20.990384 - Félicitations ! L'accès à l'URL a été réussi.
2024-07-10T08:38:23.447830 - Les cookies ont bien été acceptés
2024-07-10T08:38:23.483275 - Début de la procédure de connexion
2024-07-10T08:38:23.519251 - Cliquer sur l'icône de connexion
2024-07-10T08:38:23.551675 - Tentative de clic sur l'élément: //*[name()='svg' and @data-testid='ExpandMoreIcon']
2024-07-10T08:38:27.560837 - Clic réussi sur l'élément: //*[name()='svg' and @data-testid='ExpandMoreIcon']
2024-07-10T08:38:32.578098 - Cliquer sur le bouton 'Se connecter'
2024-07-10T08:38:32.583768 - Tentative de clic sur l'élément: //*[@id='main-header-menu']/a[2]/div/span
2024-07-10T08:38:32.726470 - Clic réussi sur l'élément: //*[@id='main-header-menu']/a[2]/div/span
2024-07-10T08:38:37.740352 - Saisir l'adresse email
2024-07-10T08:38:37.749479 - Tentative d'envoi de touches à l'élément: field-userEmail-1
2024-07-10T08:38:38.026627 - Envoi de touches réussi à l'élément: field-userEmail-1
2024-07-10T08:38:38.035015 - Tentative d'envoi de touches à l'élément: field-userEmail-1
2024-07-10T08:38:38.191280 - Envoi de touches réussi à l'élément: field-userEmail-1
2024-07-10T08:38:40.204411 - Cliquer sur le bouton 'Continuer'
2024-07-10T08:38:40.211667 - Saisir le mot de passe
2024-07-10T08:38:40.218022 - Tentative d'envoi de touches à l'élément: _password
2024-07-10T08:38:40.451122 - Envoi de touches réussi à l'élément: _password
2024-07-10T08:38:40.462815 - Tentative d'envoi de touches à l'élément: _password
2024-07-10T08:38:40.664085 - Envoi de touches réussi à l'élément: _password
2024-07-10T08:38:40.678099 - Connexion réussie
2024-07-10T08:38:40.696537 - Cliquer sur l'icône de compte
2024-07-10T08:38:40.708880 - Tentative de clic sur l'élément: div[data-testid='avatar-root']
2024-07-10T08:38:44.473013 - Clic réussi sur l'élément: div[data-testid='avatar-root']
2024-07-10T08:38:44.486130 - Etape reussie
2024-07-10T08:38:46.500431 - Cliquer sur le bouton de déconnexion
2024-07-10T08:38:46.511468 - Tentative de clic sur l'élément: //*[@id='main-header-menu']/div[2]/div[5]/a
2024-07-10T08:39:06.799798 - Erreur lors du clic sur l'élément: //*[@id='main-header-menu']/div[2]/div[5]/a, Erreur: Message: 
Stacktrace:
#0 0x55801ad2869a <unknown>
#1 0x55801aa0b0dc <unknown>
#2 0x55801aa57931 <unknown>
#3 0x55801aa57a21 <unknown>
#4 0x55801aa9c234 <unknown>
#5 0x55801aa7a89d <unknown>
#6 0x55801aa995c3 <unknown>
#7 0x55801aa7a613 <unknown>
#8 0x55801aa4a4f7 <unknown>
#9 0x55801aa4ae4e <unknown>
#10 0x55801acee86b <unknown>
#11 0x55801acf2911 <unknown>
#12 0x55801acda35e <unknown>
#13 0x55801acf3472 <unknown>
#14 0x55801acbecbf <unknown>
#15 0x55801ad18098 <unknown>
#16 0x55801ad18270 <unknown>
#17 0x55801ad277cc <unknown>
#18 0x7f207c8c4ac3 <unknown>

2024-07-10T08:39:06.821992 - Erreur lors de la déconnexion: Message: 
Stacktrace:
#0 0x55801ad2869a <unknown>
#1 0x55801aa0b0dc <unknown>
#2 0x55801aa57931 <unknown>
#3 0x55801aa57a21 <unknown>
#4 0x55801aa9c234 <unknown>
#5 0x55801aa7a89d <unknown>
#6 0x55801aa995c3 <unknown>
#7 0x55801aa7a613 <unknown>
#8 0x55801aa4a4f7 <unknown>
#9 0x55801aa4ae4e <unknown>
#10 0x55801acee86b <unknown>
#11 0x55801acf2911 <unknown>
#12 0x55801acda35e <unknown>
#13 0x55801acf3472 <unknown>
#14 0x55801acbecbf <unknown>
#15 0x55801ad18098 <unknown>
#16 0x55801ad18270 <unknown>
#17 0x55801ad277cc <unknown>
#18 0x7f207c8c4ac3 <unknown>

