2024-07-10T13:38:54.771220 - Erreur de connexion: HTTPConnectionPool(host='selenium', port=4444): Max retries exceeded with url: /wd/hub/status (Caused by NewConnectionError('<urllib3.connection.HTTPConnection object at 0x7f3168d6dcd0>: Failed to establish a new connection: [Errno 111] Connection refused'))
2024-07-10T13:38:54.784469 - En attente de Selenium Grid...
2024-07-10T13:38:55.797654 - Erreur de connexion: HTTPConnectionPool(host='selenium', port=4444): Max retries exceeded with url: /wd/hub/status (Caused by NewConnectionError('<urllib3.connection.HTTPConnection object at 0x7f3168d0c790>: Failed to establish a new connection: [Errno 111] Connection refused'))
2024-07-10T13:38:55.806023 - En attente de Selenium Grid...
2024-07-10T13:38:56.815027 - Erreur de connexion: HTTPConnectionPool(host='selenium', port=4444): Max retries exceeded with url: /wd/hub/status (Caused by NewConnectionError('<urllib3.connection.HTTPConnection object at 0x7f3168d0c190>: Failed to establish a new connection: [Errno 111] Connection refused'))
2024-07-10T13:38:56.827576 - En attente de Selenium Grid...
2024-07-10T13:38:57.849044 - Selenium Grid est prêt.
2024-07-10T13:39:48.692166 - Connexion au Selenium Grid réussie.
2024-07-10T13:39:49.587865 - Félicitations ! L'accès à l'URL a été réussi.
2024-07-10T13:39:51.850597 - Les cookies ont bien été acceptés
2024-07-10T13:39:51.868427 - Début de la procédure de connexion
2024-07-10T13:39:51.885460 - Cliquer sur l'icône de connexion
2024-07-10T13:39:51.902245 - Tentative de clic sur l'élément: //*[name()='svg' and @data-testid='ExpandMoreIcon']
2024-07-10T13:39:53.128176 - Clic réussi sur l'élément: //*[name()='svg' and @data-testid='ExpandMoreIcon']
2024-07-10T13:39:58.139022 - Cliquer sur le bouton 'Se connecter'
2024-07-10T13:39:58.149252 - Tentative de clic sur l'élément: //*[@id='main-header-menu']/a[2]/div/span
2024-07-10T13:39:58.412451 - Clic réussi sur l'élément: //*[@id='main-header-menu']/a[2]/div/span
2024-07-10T13:40:03.424103 - Saisir l'adresse email
2024-07-10T13:40:03.429627 - Tentative d'envoi de touches à l'élément: field-userEmail-1
2024-07-10T13:40:03.630792 - Envoi de touches réussi à l'élément: field-userEmail-1
2024-07-10T13:40:03.641354 - Tentative d'envoi de touches à l'élément: field-userEmail-1
2024-07-10T13:40:03.760630 - Envoi de touches réussi à l'élément: field-userEmail-1
2024-07-10T13:40:05.773981 - Cliquer sur le bouton 'Continuer'
2024-07-10T13:40:05.779830 - Saisir le mot de passe
2024-07-10T13:40:05.784818 - Tentative d'envoi de touches à l'élément: _password
2024-07-10T13:40:05.931040 - Envoi de touches réussi à l'élément: _password
2024-07-10T13:40:05.939559 - Tentative d'envoi de touches à l'élément: _password
2024-07-10T13:40:06.026917 - Envoi de touches réussi à l'élément: _password
2024-07-10T13:40:06.039364 - Connexion réussie
2024-07-10T13:40:16.178994 - Erreur lors du clique sur le bouton de recherche : Message: 
Stacktrace:
#0 0x557309e6969a <unknown>
#1 0x557309b4c0dc <unknown>
#2 0x557309b98931 <unknown>
#3 0x557309b98a21 <unknown>
#4 0x557309bdd234 <unknown>
#5 0x557309bbb89d <unknown>
#6 0x557309bda5c3 <unknown>
#7 0x557309bbb613 <unknown>
#8 0x557309b8b4f7 <unknown>
#9 0x557309b8be4e <unknown>
#10 0x557309e2f86b <unknown>
#11 0x557309e33911 <unknown>
#12 0x557309e1b35e <unknown>
#13 0x557309e34472 <unknown>
#14 0x557309dffcbf <unknown>
#15 0x557309e59098 <unknown>
#16 0x557309e59270 <unknown>
#17 0x557309e687cc <unknown>
#18 0x7f8e76847ac3 <unknown>

2024-07-10T13:40:22.519081 - Erreur la recherche a échoué : Message: element click intercepted: Element <input id="algolia-search-input" class="dom-services-2-dom-services56" role="searchbox" type="search" autocomplete="off" title="Rechercher" placeholder="Rechercher (cours, parcours, mots-clés...)" aria-label="Rechercher (cours, parcours, mots-clés...)" autocapitalize="off" autocorrect="off" spellcheck="false" data-isexpanded="false" tabindex="-1" value="" style="width: 0px;"> is not clickable at point (655, 27). Other element would receive the click: <path d="M15.5 14h-.79l-.28-.27C15.41 12.59 16 11.11 16 9.5 16 5.91 13.09 3 9.5 3S3 5.91 3 9.5 5.91 16 9.5 16c1.61 0 3.09-.59 4.23-1.57l.27.28v.79l5 4.99L20.49 19zm-6 0C7.01 14 5 11.99 5 9.5S7.01 5 9.5 5 14 7.01 14 9.5 11.99 14 9.5 14"></path>
  (Session info: chrome-headless-shell=126.0.6478.114)
Stacktrace:
#0 0x557309e6969a <unknown>
#1 0x557309b4c0dc <unknown>
#2 0x557309b9f6c6 <unknown>
#3 0x557309b9d516 <unknown>
#4 0x557309b9aef7 <unknown>
#5 0x557309b99d2c <unknown>
#6 0x557309b8d40f <unknown>
#7 0x557309bbb872 <unknown>
#8 0x557309b8cd89 <unknown>
#9 0x557309bbba3e <unknown>
#10 0x557309bda5c3 <unknown>
#11 0x557309bbb613 <unknown>
#12 0x557309b8b4f7 <unknown>
#13 0x557309b8be4e <unknown>
#14 0x557309e2f86b <unknown>
#15 0x557309e33911 <unknown>
#16 0x557309e1b35e <unknown>
#17 0x557309e34472 <unknown>
#18 0x557309dffcbf <unknown>
#19 0x557309e59098 <unknown>
#20 0x557309e59270 <unknown>
#21 0x557309e687cc <unknown>
#22 0x7f8e76847ac3 <unknown>

2024-07-10T13:40:32.838324 - Erreur lors de la selectionnion du 3 ème élément de la liste de recherche : Message: 
Stacktrace:
#0 0x557309e6969a <unknown>
#1 0x557309b4c0dc <unknown>
#2 0x557309b98931 <unknown>
#3 0x557309b98a21 <unknown>
#4 0x557309bdd234 <unknown>
#5 0x557309bbb89d <unknown>
#6 0x557309bda5c3 <unknown>
#7 0x557309bbb613 <unknown>
#8 0x557309b8b4f7 <unknown>
#9 0x557309b8be4e <unknown>
#10 0x557309e2f86b <unknown>
#11 0x557309e33911 <unknown>
#12 0x557309e1b35e <unknown>
#13 0x557309e34472 <unknown>
#14 0x557309dffcbf <unknown>
#15 0x557309e59098 <unknown>
#16 0x557309e59270 <unknown>
#17 0x557309e687cc <unknown>
#18 0x7f8e76847ac3 <unknown>

2024-07-10T13:40:32.853827 - Cliquer sur l'icône de compte
2024-07-10T13:40:32.890741 - Tentative de clic sur l'élément: div[data-testid='avatar-root']
2024-07-10T13:40:33.348991 - Clic réussi sur l'élément: div[data-testid='avatar-root']
2024-07-10T13:40:33.372115 - Etape reussie
2024-07-10T13:40:35.397976 - Cliquer sur le bouton de déconnexion
2024-07-10T13:40:35.410883 - Tentative de clic sur l'élément: div[data-testid='avatar-root']
2024-07-10T13:40:35.885505 - Clic réussi sur l'élément: div[data-testid='avatar-root']
2024-07-10T13:40:35.898261 - Déconnexion réussie
2024-07-10T13:40:37.917013 - Fermeture du WebDriver.
2024-07-10T13:40:37.935189 - Fermeture du WebDriver.
