2024-07-10T12:54:04.170826 - Erreur de connexion: HTTPConnectionPool(host='selenium', port=4444): Max retries exceeded with url: /wd/hub/status (Caused by NewConnectionError('<urllib3.connection.HTTPConnection object at 0x7fcd9422ecd0>: Failed to establish a new connection: [Errno 111] Connection refused'))
2024-07-10T12:54:04.182702 - En attente de Selenium Grid...
2024-07-10T12:54:05.194961 - Erreur de connexion: HTTPConnectionPool(host='selenium', port=4444): Max retries exceeded with url: /wd/hub/status (Caused by NewConnectionError('<urllib3.connection.HTTPConnection object at 0x7fcd941cd790>: Failed to establish a new connection: [Errno 111] Connection refused'))
2024-07-10T12:54:05.206026 - En attente de Selenium Grid...
2024-07-10T12:54:06.221592 - Erreur de connexion: HTTPConnectionPool(host='selenium', port=4444): Max retries exceeded with url: /wd/hub/status (Caused by NewConnectionError('<urllib3.connection.HTTPConnection object at 0x7fcd941cd190>: Failed to establish a new connection: [Errno 111] Connection refused'))
2024-07-10T12:54:06.231816 - En attente de Selenium Grid...
2024-07-10T12:54:07.301604 - Selenium Grid est prêt.
2024-07-10T12:54:08.217141 - Connexion au Selenium Grid réussie.
2024-07-10T12:54:09.063606 - Félicitations ! L'accès à l'URL a été réussi.
2024-07-10T12:54:11.638519 - Les cookies ont bien été acceptés
2024-07-10T12:54:11.656632 - Début de la procédure de connexion
2024-07-10T12:54:11.674698 - Cliquer sur l'icône de connexion
2024-07-10T12:54:11.691632 - Tentative de clic sur l'élément: //*[name()='svg' and @data-testid='ExpandMoreIcon']
2024-07-10T12:54:12.365806 - Clic réussi sur l'élément: //*[name()='svg' and @data-testid='ExpandMoreIcon']
2024-07-10T12:54:17.378376 - Cliquer sur le bouton 'Se connecter'
2024-07-10T12:54:17.384710 - Tentative de clic sur l'élément: //*[@id='main-header-menu']/a[2]/div/span
2024-07-10T12:54:17.520356 - Clic réussi sur l'élément: //*[@id='main-header-menu']/a[2]/div/span
2024-07-10T12:54:22.531250 - Saisir l'adresse email
2024-07-10T12:54:22.543334 - Tentative d'envoi de touches à l'élément: field-userEmail-1
2024-07-10T12:54:22.702585 - Envoi de touches réussi à l'élément: field-userEmail-1
2024-07-10T12:54:22.708805 - Tentative d'envoi de touches à l'élément: field-userEmail-1
2024-07-10T12:54:22.817438 - Envoi de touches réussi à l'élément: field-userEmail-1
2024-07-10T12:54:24.829192 - Cliquer sur le bouton 'Continuer'
2024-07-10T12:54:24.839223 - Saisir le mot de passe
2024-07-10T12:54:24.847197 - Tentative d'envoi de touches à l'élément: _password
2024-07-10T12:54:24.972475 - Envoi de touches réussi à l'élément: _password
2024-07-10T12:54:24.980941 - Tentative d'envoi de touches à l'élément: _password
2024-07-10T12:54:25.059743 - Envoi de touches réussi à l'élément: _password
2024-07-10T12:54:25.065706 - Connexion réussie
2024-07-10T12:54:35.541140 - Erreur lors du clique sur le bouton de recherche : Message: 
Stacktrace:
#0 0x55d47ec9b69a <unknown>
#1 0x55d47e97e0dc <unknown>
#2 0x55d47e9ca931 <unknown>
#3 0x55d47e9caa21 <unknown>
#4 0x55d47ea0f234 <unknown>
#5 0x55d47e9ed89d <unknown>
#6 0x55d47ea0c5c3 <unknown>
#7 0x55d47e9ed613 <unknown>
#8 0x55d47e9bd4f7 <unknown>
#9 0x55d47e9bde4e <unknown>
#10 0x55d47ec6186b <unknown>
#11 0x55d47ec65911 <unknown>
#12 0x55d47ec4d35e <unknown>
#13 0x55d47ec66472 <unknown>
#14 0x55d47ec31cbf <unknown>
#15 0x55d47ec8b098 <unknown>
#16 0x55d47ec8b270 <unknown>
#17 0x55d47ec9a7cc <unknown>
#18 0x7f194a948ac3 <unknown>

2024-07-10T12:54:41.714969 - Erreur la recherche a échoué : Message: element click intercepted: Element <input id="algolia-search-input" class="dom-services-2-dom-services56" role="searchbox" type="search" autocomplete="off" title="Rechercher" placeholder="Rechercher (cours, parcours, mots-clés...)" aria-label="Rechercher (cours, parcours, mots-clés...)" autocapitalize="off" autocorrect="off" spellcheck="false" data-isexpanded="false" tabindex="-1" value="" style="width: 0px;"> is not clickable at point (655, 27). Other element would receive the click: <path d="M15.5 14h-.79l-.28-.27C15.41 12.59 16 11.11 16 9.5 16 5.91 13.09 3 9.5 3S3 5.91 3 9.5 5.91 16 9.5 16c1.61 0 3.09-.59 4.23-1.57l.27.28v.79l5 4.99L20.49 19zm-6 0C7.01 14 5 11.99 5 9.5S7.01 5 9.5 5 14 7.01 14 9.5 11.99 14 9.5 14"></path>
  (Session info: chrome-headless-shell=126.0.6478.114)
Stacktrace:
#0 0x55d47ec9b69a <unknown>
#1 0x55d47e97e0dc <unknown>
#2 0x55d47e9d16c6 <unknown>
#3 0x55d47e9cf516 <unknown>
#4 0x55d47e9ccef7 <unknown>
#5 0x55d47e9cbd2c <unknown>
#6 0x55d47e9bf40f <unknown>
#7 0x55d47e9ed872 <unknown>
#8 0x55d47e9bed89 <unknown>
#9 0x55d47e9eda3e <unknown>
#10 0x55d47ea0c5c3 <unknown>
#11 0x55d47e9ed613 <unknown>
#12 0x55d47e9bd4f7 <unknown>
#13 0x55d47e9bde4e <unknown>
#14 0x55d47ec6186b <unknown>
#15 0x55d47ec65911 <unknown>
#16 0x55d47ec4d35e <unknown>
#17 0x55d47ec66472 <unknown>
#18 0x55d47ec31cbf <unknown>
#19 0x55d47ec8b098 <unknown>
#20 0x55d47ec8b270 <unknown>
#21 0x55d47ec9a7cc <unknown>
#22 0x7f194a948ac3 <unknown>

2024-07-10T12:54:52.112787 - Erreur lors de la selectionnion du 3 ème élément de la liste de recherche : Message: 
Stacktrace:
#0 0x55d47ec9b69a <unknown>
#1 0x55d47e97e0dc <unknown>
#2 0x55d47e9ca931 <unknown>
#3 0x55d47e9caa21 <unknown>
#4 0x55d47ea0f234 <unknown>
#5 0x55d47e9ed89d <unknown>
#6 0x55d47ea0c5c3 <unknown>
#7 0x55d47e9ed613 <unknown>
#8 0x55d47e9bd4f7 <unknown>
#9 0x55d47e9bde4e <unknown>
#10 0x55d47ec6186b <unknown>
#11 0x55d47ec65911 <unknown>
#12 0x55d47ec4d35e <unknown>
#13 0x55d47ec66472 <unknown>
#14 0x55d47ec31cbf <unknown>
#15 0x55d47ec8b098 <unknown>
#16 0x55d47ec8b270 <unknown>
#17 0x55d47ec9a7cc <unknown>
#18 0x7f194a948ac3 <unknown>

2024-07-10T12:54:52.118936 - Cliquer sur l'icône de compte
2024-07-10T12:54:52.125406 - Tentative de clic sur l'élément: div[data-testid='avatar-root']
2024-07-10T12:54:52.269579 - Clic réussi sur l'élément: div[data-testid='avatar-root']
2024-07-10T12:54:52.279010 - Etape reussie
2024-07-10T12:54:54.293952 - Cliquer sur le bouton de déconnexion
2024-07-10T12:54:54.300782 - Tentative de clic sur l'élément: div[data-testid='avatar-root']
2024-07-10T12:54:54.383424 - Clic réussi sur l'élément: div[data-testid='avatar-root']
2024-07-10T12:54:54.392548 - Déconnexion réussie
2024-07-10T12:54:56.402996 - Fermeture du WebDriver.
2024-07-10T12:54:56.415997 - Fermeture du WebDriver.
