2024-07-10T10:16:34.718255 - Erreur de connexion: HTTPConnectionPool(host='selenium', port=4444): Max retries exceeded with url: /wd/hub/status (Caused by NewConnectionError('<urllib3.connection.HTTPConnection object at 0x7ff626231cd0>: Failed to establish a new connection: [Errno 111] Connection refused'))
2024-07-10T10:16:34.748269 - En attente de Selenium Grid...
2024-07-10T10:16:35.780969 - Erreur de connexion: HTTPConnectionPool(host='selenium', port=4444): Max retries exceeded with url: /wd/hub/status (Caused by NewConnectionError('<urllib3.connection.HTTPConnection object at 0x7ff6261d0790>: Failed to establish a new connection: [Errno 111] Connection refused'))
2024-07-10T10:16:35.861504 - En attente de Selenium Grid...
2024-07-10T10:16:36.917311 - Erreur de connexion: HTTPConnectionPool(host='selenium', port=4444): Max retries exceeded with url: /wd/hub/status (Caused by NewConnectionError('<urllib3.connection.HTTPConnection object at 0x7ff6261d0190>: Failed to establish a new connection: [Errno 111] Connection refused'))
2024-07-10T10:16:36.929448 - En attente de Selenium Grid...
2024-07-10T10:16:38.136915 - Selenium Grid est prêt.
2024-07-10T10:16:38.711549 - Connexion au Selenium Grid réussie.
2024-07-10T10:16:39.759338 - Félicitations ! L'accès à l'URL a été réussi.
2024-07-10T10:16:42.245201 - Les cookies ont bien été acceptés
2024-07-10T10:16:42.302484 - Début de la procédure de connexion
2024-07-10T10:16:42.343422 - Cliquer sur l'icône de connexion
2024-07-10T10:16:42.443133 - Tentative de clic sur l'élément: //*[name()='svg' and @data-testid='ExpandMoreIcon']
2024-07-10T10:16:44.109951 - Clic réussi sur l'élément: //*[name()='svg' and @data-testid='ExpandMoreIcon']
2024-07-10T10:16:49.123665 - Cliquer sur le bouton 'Se connecter'
2024-07-10T10:16:49.160075 - Tentative de clic sur l'élément: //*[@id='main-header-menu']/a[2]/div/span
2024-07-10T10:16:49.489055 - Clic réussi sur l'élément: //*[@id='main-header-menu']/a[2]/div/span
2024-07-10T10:16:54.507840 - Saisir l'adresse email
2024-07-10T10:16:54.519687 - Tentative d'envoi de touches à l'élément: field-userEmail-1
2024-07-10T10:16:54.819970 - Envoi de touches réussi à l'élément: field-userEmail-1
2024-07-10T10:16:54.835110 - Tentative d'envoi de touches à l'élément: field-userEmail-1
2024-07-10T10:16:55.156445 - Envoi de touches réussi à l'élément: field-userEmail-1
2024-07-10T10:16:57.170967 - Cliquer sur le bouton 'Continuer'
2024-07-10T10:16:57.183982 - Saisir le mot de passe
2024-07-10T10:16:57.196126 - Tentative d'envoi de touches à l'élément: _password
2024-07-10T10:16:57.567445 - Envoi de touches réussi à l'élément: _password
2024-07-10T10:16:57.592534 - Tentative d'envoi de touches à l'élément: _password
2024-07-10T10:16:57.802338 - Envoi de touches réussi à l'élément: _password
2024-07-10T10:16:57.815298 - Connexion réussie
2024-07-10T10:17:08.081233 - Erreur lors du clique sur le bouton de recherche : Message: 
Stacktrace:
#0 0x564219a1269a <unknown>
#1 0x5642196f50dc <unknown>
#2 0x564219741931 <unknown>
#3 0x564219741a21 <unknown>
#4 0x564219786234 <unknown>
#5 0x56421976489d <unknown>
#6 0x5642197835c3 <unknown>
#7 0x564219764613 <unknown>
#8 0x5642197344f7 <unknown>
#9 0x564219734e4e <unknown>
#10 0x5642199d886b <unknown>
#11 0x5642199dc911 <unknown>
#12 0x5642199c435e <unknown>
#13 0x5642199dd472 <unknown>
#14 0x5642199a8cbf <unknown>
#15 0x564219a02098 <unknown>
#16 0x564219a02270 <unknown>
#17 0x564219a117cc <unknown>
#18 0x7f3764083ac3 <unknown>

2024-07-10T10:17:23.218202 - Erreur la recherche a échoué : Message: 
Stacktrace:
#0 0x564219a1269a <unknown>
#1 0x5642196f50dc <unknown>
#2 0x564219741931 <unknown>
#3 0x564219741a21 <unknown>
#4 0x564219786234 <unknown>
#5 0x56421976489d <unknown>
#6 0x5642197835c3 <unknown>
#7 0x564219764613 <unknown>
#8 0x5642197344f7 <unknown>
#9 0x564219734e4e <unknown>
#10 0x5642199d886b <unknown>
#11 0x5642199dc911 <unknown>
#12 0x5642199c435e <unknown>
#13 0x5642199dd472 <unknown>
#14 0x5642199a8cbf <unknown>
#15 0x564219a02098 <unknown>
#16 0x564219a02270 <unknown>
#17 0x564219a117cc <unknown>
#18 0x7f3764083ac3 <unknown>

2024-07-10T10:17:33.481549 - Erreur lors de la selectionnion du 3 ème élément de la liste de recherche : Message: 
Stacktrace:
#0 0x564219a1269a <unknown>
#1 0x5642196f50dc <unknown>
#2 0x564219741931 <unknown>
#3 0x564219741a21 <unknown>
#4 0x564219786234 <unknown>
#5 0x56421976489d <unknown>
#6 0x5642197835c3 <unknown>
#7 0x564219764613 <unknown>
#8 0x5642197344f7 <unknown>
#9 0x564219734e4e <unknown>
#10 0x5642199d886b <unknown>
#11 0x5642199dc911 <unknown>
#12 0x5642199c435e <unknown>
#13 0x5642199dd472 <unknown>
#14 0x5642199a8cbf <unknown>
#15 0x564219a02098 <unknown>
#16 0x564219a02270 <unknown>
#17 0x564219a117cc <unknown>
#18 0x7f3764083ac3 <unknown>

2024-07-10T10:17:33.495947 - Cliquer sur l'icône de compte
2024-07-10T10:17:33.512348 - Tentative de clic sur l'élément: div[data-testid='avatar-root']
2024-07-10T10:17:34.424521 - Clic réussi sur l'élément: div[data-testid='avatar-root']
2024-07-10T10:17:34.435255 - Etape reussie
2024-07-10T10:17:36.448167 - Cliquer sur le bouton de déconnexion
2024-07-10T10:17:36.469345 - Tentative de clic sur l'élément: div[data-testid='avatar-root']
2024-07-10T10:17:37.556575 - Clic réussi sur l'élément: div[data-testid='avatar-root']
2024-07-10T10:17:37.568915 - Déconnexion réussie
2024-07-10T10:17:39.581903 - Fermeture du WebDriver.
2024-07-10T10:17:39.607191 - Fermeture du WebDriver.
