2024-07-10T08:08:25.390451 - Erreur de connexion: HTTPConnectionPool(host='selenium', port=4444): Max retries exceeded with url: /wd/hub/status (Caused by NewConnectionError('<urllib3.connection.HTTPConnection object at 0x7f942ac82b20>: Failed to establish a new connection: [Errno 111] Connection refused'))
2024-07-10T08:08:25.447304 - En attente de Selenium Grid...
2024-07-10T08:08:26.500243 - Erreur de connexion: HTTPConnectionPool(host='selenium', port=4444): Max retries exceeded with url: /wd/hub/status (Caused by NewConnectionError('<urllib3.connection.HTTPConnection object at 0x7f942ac205e0>: Failed to establish a new connection: [Errno 111] Connection refused'))
2024-07-10T08:08:26.525695 - En attente de Selenium Grid...
2024-07-10T08:08:27.565891 - Erreur de connexion: HTTPConnectionPool(host='selenium', port=4444): Max retries exceeded with url: /wd/hub/status (Caused by NewConnectionError('<urllib3.connection.HTTPConnection object at 0x7f942ac71fd0>: Failed to establish a new connection: [Errno 111] Connection refused'))
2024-07-10T08:08:27.588592 - En attente de Selenium Grid...
2024-07-10T08:08:28.620925 - Erreur de connexion: HTTPConnectionPool(host='selenium', port=4444): Max retries exceeded with url: /wd/hub/status (Caused by NewConnectionError('<urllib3.connection.HTTPConnection object at 0x7f942ac82a00>: Failed to establish a new connection: [Errno 111] Connection refused'))
2024-07-10T08:08:28.648200 - En attente de Selenium Grid...
2024-07-10T08:08:29.712050 - Erreur de connexion: HTTPConnectionPool(host='selenium', port=4444): Max retries exceeded with url: /wd/hub/status (Caused by NewConnectionError('<urllib3.connection.HTTPConnection object at 0x7f942ac20fa0>: Failed to establish a new connection: [Errno 111] Connection refused'))
2024-07-10T08:08:29.725467 - En attente de Selenium Grid...
2024-07-10T08:08:30.788498 - Selenium Grid est prêt.
2024-07-10T08:08:32.252569 - Connexion au Selenium Grid réussie.
2024-07-10T08:08:33.515699 - Félicitations ! L'accès à l'URL a été réussi.
2024-07-10T08:08:36.166210 - Les cookies ont bien été acceptés
2024-07-10T08:08:36.193505 - Début de la procédure de connexion
2024-07-10T08:08:36.221599 - Cliquer sur l'icône de connexion
2024-07-10T08:08:36.238976 - Tentative de clic sur l'élément: //*[name()='svg' and @data-testid='ExpandMoreIcon']
2024-07-10T08:08:42.274718 - Clic réussi sur l'élément: //*[name()='svg' and @data-testid='ExpandMoreIcon']
2024-07-10T08:08:47.322817 - Cliquer sur le bouton 'Se connecter'
2024-07-10T08:08:47.339788 - Tentative de clic sur l'élément: //*[@id='main-header-menu']/a[2]/div/span
2024-07-10T08:08:47.835082 - Clic réussi sur l'élément: //*[@id='main-header-menu']/a[2]/div/span
2024-07-10T08:08:52.862785 - Saisir l'adresse email
2024-07-10T08:08:52.875604 - Tentative d'envoi de touches à l'élément: field-userEmail-1
2024-07-10T08:08:53.556352 - Envoi de touches réussi à l'élément: field-userEmail-1
2024-07-10T08:08:53.570982 - Tentative d'envoi de touches à l'élément: field-userEmail-1
2024-07-10T08:08:53.996549 - Envoi de touches réussi à l'élément: field-userEmail-1
2024-07-10T08:08:56.015768 - Cliquer sur le bouton 'Continuer'
2024-07-10T08:08:56.028017 - Saisir le mot de passe
2024-07-10T08:08:56.044974 - Tentative d'envoi de touches à l'élément: _password
2024-07-10T08:08:56.347596 - Envoi de touches réussi à l'élément: _password
2024-07-10T08:08:56.370382 - Tentative d'envoi de touches à l'élément: _password
2024-07-10T08:08:56.560216 - Envoi de touches réussi à l'élément: _password
2024-07-10T08:08:56.594953 - Connexion réussie
2024-07-10T08:08:56.611996 - Cliquer sur l'icône de compte
2024-07-10T08:08:56.628598 - Tentative de clic sur l'élément: div[data-testid='avatar-root']
2024-07-10T08:09:03.285889 - Clic réussi sur l'élément: div[data-testid='avatar-root']
2024-07-10T08:09:05.298764 - Cliquer sur le bouton de déconnexion
2024-07-10T08:09:05.311062 - Tentative de clic sur l'élément: //*[@id='main-header-menu']/div[2]/div[5]/a/div
2024-07-10T08:09:25.661855 - Erreur lors du clic sur l'élément: //*[@id='main-header-menu']/div[2]/div[5]/a/div, Erreur: Message: 
Stacktrace:
#0 0x563b3ffc669a <unknown>
#1 0x563b3fca90dc <unknown>
#2 0x563b3fcf5931 <unknown>
#3 0x563b3fcf5a21 <unknown>
#4 0x563b3fd3a234 <unknown>
#5 0x563b3fd1889d <unknown>
#6 0x563b3fd375c3 <unknown>
#7 0x563b3fd18613 <unknown>
#8 0x563b3fce84f7 <unknown>
#9 0x563b3fce8e4e <unknown>
#10 0x563b3ff8c86b <unknown>
#11 0x563b3ff90911 <unknown>
#12 0x563b3ff7835e <unknown>
#13 0x563b3ff91472 <unknown>
#14 0x563b3ff5ccbf <unknown>
#15 0x563b3ffb6098 <unknown>
#16 0x563b3ffb6270 <unknown>
#17 0x563b3ffc57cc <unknown>
#18 0x7f9b833d1ac3 <unknown>

2024-07-10T08:09:25.682872 - Erreur lors de la déconnexion: Message: 
Stacktrace:
#0 0x563b3ffc669a <unknown>
#1 0x563b3fca90dc <unknown>
#2 0x563b3fcf5931 <unknown>
#3 0x563b3fcf5a21 <unknown>
#4 0x563b3fd3a234 <unknown>
#5 0x563b3fd1889d <unknown>
#6 0x563b3fd375c3 <unknown>
#7 0x563b3fd18613 <unknown>
#8 0x563b3fce84f7 <unknown>
#9 0x563b3fce8e4e <unknown>
#10 0x563b3ff8c86b <unknown>
#11 0x563b3ff90911 <unknown>
#12 0x563b3ff7835e <unknown>
#13 0x563b3ff91472 <unknown>
#14 0x563b3ff5ccbf <unknown>
#15 0x563b3ffb6098 <unknown>
#16 0x563b3ffb6270 <unknown>
#17 0x563b3ffc57cc <unknown>
#18 0x7f9b833d1ac3 <unknown>

