2024-07-10T05:26:50.727844 - Erreur de connexion: HTTPConnectionPool(host='selenium', port=4444): Max retries exceeded with url: /wd/hub/status (Caused by NewConnectionError('<urllib3.connection.HTTPConnection object at 0x7efff0fb1b80>: Failed to establish a new connection: [Errno 111] Connection refused'))
2024-07-10T05:26:50.746428 - En attente de Selenium Grid...
2024-07-10T05:26:51.771072 - Erreur de connexion: HTTPConnectionPool(host='selenium', port=4444): Max retries exceeded with url: /wd/hub/status (Caused by NewConnectionError('<urllib3.connection.HTTPConnection object at 0x7efff0f515e0>: Failed to establish a new connection: [Errno 111] Connection refused'))
2024-07-10T05:26:51.786786 - En attente de Selenium Grid...
2024-07-10T05:26:52.808150 - Erreur de connexion: HTTPConnectionPool(host='selenium', port=4444): Max retries exceeded with url: /wd/hub/status (Caused by NewConnectionError('<urllib3.connection.HTTPConnection object at 0x7efff0fa2fd0>: Failed to establish a new connection: [Errno 111] Connection refused'))
2024-07-10T05:26:52.818947 - En attente de Selenium Grid...
2024-07-10T05:26:53.835559 - Erreur de connexion: HTTPConnectionPool(host='selenium', port=4444): Max retries exceeded with url: /wd/hub/status (Caused by NewConnectionError('<urllib3.connection.HTTPConnection object at 0x7efff0fb1a60>: Failed to establish a new connection: [Errno 111] Connection refused'))
2024-07-10T05:26:53.847741 - En attente de Selenium Grid...
2024-07-10T05:26:54.893556 - Selenium Grid est prêt.
2024-07-10T05:26:55.424004 - Connexion au Selenium Grid réussie.
2024-07-10T05:26:56.439066 - Félicitations ! L'accès à l'URL a été réussi.
2024-07-10T05:26:59.201856 - Les cookies ont bien été acceptés
2024-07-10T05:26:59.232945 - Début de la procédure de connexion
2024-07-10T05:26:59.269333 - Cliquer sur l'icône de connexion
2024-07-10T05:26:59.289820 - Tentative de clic sur l'élément: sc-iIPllB hLAfuo MuiSvgIcon-root MuiSvgIcon-fontSizeMedium
2024-07-10T05:27:19.949900 - Erreur lors du clic sur l'élément: sc-iIPllB hLAfuo MuiSvgIcon-root MuiSvgIcon-fontSizeMedium, Erreur: Message: 
Stacktrace:
#0 0x555e6404b69a <unknown>
#1 0x555e63d2e0dc <unknown>
#2 0x555e63d7a931 <unknown>
#3 0x555e63d7aa21 <unknown>
#4 0x555e63dbf234 <unknown>
#5 0x555e63d9d89d <unknown>
#6 0x555e63dbc5c3 <unknown>
#7 0x555e63d9d613 <unknown>
#8 0x555e63d6d4f7 <unknown>
#9 0x555e63d6de4e <unknown>
#10 0x555e6401186b <unknown>
#11 0x555e64015911 <unknown>
#12 0x555e63ffd35e <unknown>
#13 0x555e64016472 <unknown>
#14 0x555e63fe1cbf <unknown>
#15 0x555e6403b098 <unknown>
#16 0x555e6403b270 <unknown>
#17 0x555e6404a7cc <unknown>
#18 0x7f719fcd9ac3 <unknown>

2024-07-10T05:27:20.001305 - Erreur lors de la connexion: Message: 
Stacktrace:
#0 0x555e6404b69a <unknown>
#1 0x555e63d2e0dc <unknown>
#2 0x555e63d7a931 <unknown>
#3 0x555e63d7aa21 <unknown>
#4 0x555e63dbf234 <unknown>
#5 0x555e63d9d89d <unknown>
#6 0x555e63dbc5c3 <unknown>
#7 0x555e63d9d613 <unknown>
#8 0x555e63d6d4f7 <unknown>
#9 0x555e63d6de4e <unknown>
#10 0x555e6401186b <unknown>
#11 0x555e64015911 <unknown>
#12 0x555e63ffd35e <unknown>
#13 0x555e64016472 <unknown>
#14 0x555e63fe1cbf <unknown>
#15 0x555e6403b098 <unknown>
#16 0x555e6403b270 <unknown>
#17 0x555e6404a7cc <unknown>
#18 0x7f719fcd9ac3 <unknown>

