2024-07-10T09:54:43.798791 - Erreur de connexion: HTTPConnectionPool(host='selenium', port=4444): Max retries exceeded with url: /wd/hub/status (Caused by NewConnectionError('<urllib3.connection.HTTPConnection object at 0x7f5d9ed72cd0>: Failed to establish a new connection: [Errno 111] Connection refused'))
2024-07-10T09:54:43.820048 - En attente de Selenium Grid...
2024-07-10T09:54:44.842152 - Erreur de connexion: HTTPConnectionPool(host='selenium', port=4444): Max retries exceeded with url: /wd/hub/status (Caused by NewConnectionError('<urllib3.connection.HTTPConnection object at 0x7f5d9ed11790>: Failed to establish a new connection: [Errno 111] Connection refused'))
2024-07-10T09:54:44.855932 - En attente de Selenium Grid...
2024-07-10T09:54:45.869611 - Erreur de connexion: HTTPConnectionPool(host='selenium', port=4444): Max retries exceeded with url: /wd/hub/status (Caused by NewConnectionError('<urllib3.connection.HTTPConnection object at 0x7f5d9ed11190>: Failed to establish a new connection: [Errno 111] Connection refused'))
2024-07-10T09:54:45.881803 - En attente de Selenium Grid...
2024-07-10T09:54:46.899529 - Erreur de connexion: HTTPConnectionPool(host='selenium', port=4444): Max retries exceeded with url: /wd/hub/status (Caused by NewConnectionError('<urllib3.connection.HTTPConnection object at 0x7f5d9ed721c0>: Failed to establish a new connection: [Errno 111] Connection refused'))
2024-07-10T09:54:46.912970 - En attente de Selenium Grid...
2024-07-10T09:54:47.949899 - Selenium Grid est prêt.
2024-07-10T09:55:49.607721 - Connexion au Selenium Grid réussie.
2024-07-10T09:55:51.131074 - Félicitations ! L'accès à l'URL a été réussi.
2024-07-10T09:55:53.627943 - Les cookies ont bien été acceptés
2024-07-10T09:55:53.704785 - Début de la procédure de connexion
2024-07-10T09:55:53.722502 - Cliquer sur l'icône de connexion
2024-07-10T09:55:53.734502 - Tentative de clic sur l'élément: //*[name()='svg' and @data-testid='ExpandMoreIcon']
2024-07-10T09:55:55.186891 - Clic réussi sur l'élément: //*[name()='svg' and @data-testid='ExpandMoreIcon']
2024-07-10T09:56:00.200391 - Cliquer sur le bouton 'Se connecter'
2024-07-10T09:56:00.220485 - Tentative de clic sur l'élément: //*[@id='main-header-menu']/a[2]/div/span
2024-07-10T09:56:00.490937 - Clic réussi sur l'élément: //*[@id='main-header-menu']/a[2]/div/span
2024-07-10T09:56:05.510334 - Saisir l'adresse email
2024-07-10T09:56:05.521748 - Tentative d'envoi de touches à l'élément: field-userEmail-1
2024-07-10T09:56:05.819434 - Envoi de touches réussi à l'élément: field-userEmail-1
2024-07-10T09:56:05.837688 - Tentative d'envoi de touches à l'élément: field-userEmail-1
2024-07-10T09:56:06.104083 - Envoi de touches réussi à l'élément: field-userEmail-1
2024-07-10T09:56:08.120532 - Cliquer sur le bouton 'Continuer'
2024-07-10T09:56:08.133732 - Saisir le mot de passe
2024-07-10T09:56:08.145908 - Tentative d'envoi de touches à l'élément: _password
2024-07-10T09:56:08.443563 - Envoi de touches réussi à l'élément: _password
2024-07-10T09:56:08.471338 - Tentative d'envoi de touches à l'élément: _password
2024-07-10T09:56:08.682706 - Envoi de touches réussi à l'élément: _password
2024-07-10T09:56:08.714792 - Connexion réussie
2024-07-10T09:56:19.035646 - Erreur lors du clique sur le bouton de recherche : Message: 
Stacktrace:
#0 0x5580d16cf69a <unknown>
#1 0x5580d13b20dc <unknown>
#2 0x5580d13fe931 <unknown>
#3 0x5580d13fea21 <unknown>
#4 0x5580d1443234 <unknown>
#5 0x5580d142189d <unknown>
#6 0x5580d14405c3 <unknown>
#7 0x5580d1421613 <unknown>
#8 0x5580d13f14f7 <unknown>
#9 0x5580d13f1e4e <unknown>
#10 0x5580d169586b <unknown>
#11 0x5580d1699911 <unknown>
#12 0x5580d168135e <unknown>
#13 0x5580d169a472 <unknown>
#14 0x5580d1665cbf <unknown>
#15 0x5580d16bf098 <unknown>
#16 0x5580d16bf270 <unknown>
#17 0x5580d16ce7cc <unknown>
#18 0x7f4d4a88bac3 <unknown>

2024-07-10T09:56:31.319661 - Erreur la recherche a échoué : Message: 
Stacktrace:
#0 0x5580d16cf69a <unknown>
#1 0x5580d13b20dc <unknown>
#2 0x5580d13fe931 <unknown>
#3 0x5580d13fea21 <unknown>
#4 0x5580d1443234 <unknown>
#5 0x5580d142189d <unknown>
#6 0x5580d14405c3 <unknown>
#7 0x5580d1421613 <unknown>
#8 0x5580d13f14f7 <unknown>
#9 0x5580d13f1e4e <unknown>
#10 0x5580d169586b <unknown>
#11 0x5580d1699911 <unknown>
#12 0x5580d168135e <unknown>
#13 0x5580d169a472 <unknown>
#14 0x5580d1665cbf <unknown>
#15 0x5580d16bf098 <unknown>
#16 0x5580d16bf270 <unknown>
#17 0x5580d16ce7cc <unknown>
#18 0x7f4d4a88bac3 <unknown>

2024-07-10T09:56:41.739048 - Erreur lors de la selectionnion du 3 ème élément de la liste de recherche : Message: 
Stacktrace:
#0 0x5580d16cf69a <unknown>
#1 0x5580d13b20dc <unknown>
#2 0x5580d13fe931 <unknown>
#3 0x5580d13fea21 <unknown>
#4 0x5580d1443234 <unknown>
#5 0x5580d142189d <unknown>
#6 0x5580d14405c3 <unknown>
#7 0x5580d1421613 <unknown>
#8 0x5580d13f14f7 <unknown>
#9 0x5580d13f1e4e <unknown>
#10 0x5580d169586b <unknown>
#11 0x5580d1699911 <unknown>
#12 0x5580d168135e <unknown>
#13 0x5580d169a472 <unknown>
#14 0x5580d1665cbf <unknown>
#15 0x5580d16bf098 <unknown>
#16 0x5580d16bf270 <unknown>
#17 0x5580d16ce7cc <unknown>
#18 0x7f4d4a88bac3 <unknown>

2024-07-10T09:56:41.768338 - Cliquer sur l'icône de compte
2024-07-10T09:56:41.790130 - Tentative de clic sur l'élément: div[data-testid='avatar-root']
2024-07-10T09:56:43.206595 - Clic réussi sur l'élément: div[data-testid='avatar-root']
2024-07-10T09:56:43.249136 - Etape reussie
2024-07-10T09:56:45.293367 - Cliquer sur le bouton de déconnexion
2024-07-10T09:56:45.320910 - Tentative de clic sur l'élément: div[data-testid='avatar-root']
2024-07-10T09:56:49.213737 - Clic réussi sur l'élément: div[data-testid='avatar-root']
2024-07-10T09:56:49.232947 - Déconnexion réussie
2024-07-10T09:56:51.261582 - Fermeture du WebDriver.
2024-07-10T09:56:51.288632 - Fermeture du WebDriver.
