2024-07-10T08:38:23.483275 - Début de la procédure de connexion
2024-07-10T08:38:23.519251 - Cliquer sur l'icône de connexion
2024-07-10T08:38:23.551675 - Tentative de clic sur l'élément: //*[name()='svg' and @data-testid='ExpandMoreIcon']
2024-07-10T08:38:27.560837 - Clic réussi sur l'élément: //*[name()='svg' and @data-testid='ExpandMoreIcon']
2024-07-10T08:38:32.578098 - Cliquer sur le bouton 'Se connecter'
2024-07-10T08:38:32.583768 - Tentative de clic sur l'élément: //*[@id='main-header-menu']/a[2]/div/span
2024-07-10T08:38:32.726470 - Clic réussi sur l'élément: //*[@id='main-header-menu']/a[2]/div/span
2024-07-10T08:38:37.740352 - Saisir l'adresse email
2024-07-10T08:38:37.749479 - Tentative d'envoi de touches à l'élément: field-userEmail-1
2024-07-10T08:38:38.026627 - Envoi de touches réussi à l'élément: field-userEmail-1
2024-07-10T08:38:38.035015 - Tentative d'envoi de touches à l'élément: field-userEmail-1
2024-07-10T08:38:38.191280 - Envoi de touches réussi à l'élément: field-userEmail-1
2024-07-10T08:38:40.204411 - Cliquer sur le bouton 'Continuer'
2024-07-10T08:38:40.211667 - Saisir le mot de passe
2024-07-10T08:38:40.218022 - Tentative d'envoi de touches à l'élément: _password
2024-07-10T08:38:40.451122 - Envoi de touches réussi à l'élément: _password
2024-07-10T08:38:40.462815 - Tentative d'envoi de touches à l'élément: _password
2024-07-10T08:38:40.664085 - Envoi de touches réussi à l'élément: _password
2024-07-10T08:38:40.678099 - Connexion réussie
2024-07-10T08:38:40.696537 - Cliquer sur l'icône de compte
2024-07-10T08:38:40.708880 - Tentative de clic sur l'élément: div[data-testid='avatar-root']
2024-07-10T08:38:44.473013 - Clic réussi sur l'élément: div[data-testid='avatar-root']
2024-07-10T08:38:44.486130 - Etape reussie
2024-07-10T08:38:46.500431 - Cliquer sur le bouton de déconnexion
2024-07-10T08:38:46.511468 - Tentative de clic sur l'élément: //*[@id='main-header-menu']/div[2]/div[5]/a
