2024-07-10T09:55:53.704785 - Début de la procédure de connexion
2024-07-10T09:55:53.722502 - Cliquer sur l'icône de connexion
2024-07-10T09:55:53.734502 - Tentative de clic sur l'élément: //*[name()='svg' and @data-testid='ExpandMoreIcon']
2024-07-10T09:55:55.186891 - Clic réussi sur l'élément: //*[name()='svg' and @data-testid='ExpandMoreIcon']
2024-07-10T09:56:00.200391 - Cliquer sur le bouton 'Se connecter'
2024-07-10T09:56:00.220485 - Tentative de clic sur l'élément: //*[@id='main-header-menu']/a[2]/div/span
2024-07-10T09:56:00.490937 - Clic réussi sur l'élément: //*[@id='main-header-menu']/a[2]/div/span
2024-07-10T09:56:05.510334 - Saisir l'adresse email
2024-07-10T09:56:05.521748 - Tentative d'envoi de touches à l'élément: field-userEmail-1
2024-07-10T09:56:05.819434 - Envoi de touches réussi à l'élément: field-userEmail-1
2024-07-10T09:56:05.837688 - Tentative d'envoi de touches à l'élément: field-userEmail-1
2024-07-10T09:56:06.104083 - Envoi de touches réussi à l'élément: field-userEmail-1
2024-07-10T09:56:08.120532 - Cliquer sur le bouton 'Continuer'
2024-07-10T09:56:08.133732 - Saisir le mot de passe
2024-07-10T09:56:08.145908 - Tentative d'envoi de touches à l'élément: _password
2024-07-10T09:56:08.443563 - Envoi de touches réussi à l'élément: _password
2024-07-10T09:56:08.471338 - Tentative d'envoi de touches à l'élément: _password
2024-07-10T09:56:08.682706 - Envoi de touches réussi à l'élément: _password
2024-07-10T09:56:08.714792 - Connexion réussie
2024-07-10T09:56:41.768338 - Cliquer sur l'icône de compte
2024-07-10T09:56:41.790130 - Tentative de clic sur l'élément: div[data-testid='avatar-root']
2024-07-10T09:56:43.206595 - Clic réussi sur l'élément: div[data-testid='avatar-root']
2024-07-10T09:56:43.249136 - Etape reussie
2024-07-10T09:56:45.293367 - Cliquer sur le bouton de déconnexion
2024-07-10T09:56:45.320910 - Tentative de clic sur l'élément: div[data-testid='avatar-root']
2024-07-10T09:56:49.213737 - Clic réussi sur l'élément: div[data-testid='avatar-root']
2024-07-10T09:56:49.232947 - Déconnexion réussie
