2024-07-10T08:26:26.351340 - Début de la procédure de connexion
2024-07-10T08:26:26.370355 - Cliquer sur l'icône de connexion
2024-07-10T08:26:26.384457 - Tentative de clic sur l'élément: //*[name()='svg' and @data-testid='ExpandMoreIcon']
2024-07-10T08:26:27.672447 - Clic réussi sur l'élément: //*[name()='svg' and @data-testid='ExpandMoreIcon']
2024-07-10T08:26:32.690105 - Cliquer sur le bouton 'Se connecter'
2024-07-10T08:26:32.698400 - Tentative de clic sur l'élément: //*[@id='main-header-menu']/a[2]/div/span
2024-07-10T08:26:32.867820 - Clic réussi sur l'élément: //*[@id='main-header-menu']/a[2]/div/span
2024-07-10T08:26:37.880557 - Saisir l'adresse email
2024-07-10T08:26:37.892691 - Tentative d'envoi de touches à l'élément: field-userEmail-1
2024-07-10T08:26:38.451558 - Envoi de touches réussi à l'élément: field-userEmail-1
2024-07-10T08:26:38.569870 - Tentative d'envoi de touches à l'élément: field-userEmail-1
2024-07-10T08:26:38.928918 - Envoi de touches réussi à l'élément: field-userEmail-1
2024-07-10T08:26:40.995594 - Cliquer sur le bouton 'Continuer'
2024-07-10T08:26:41.006942 - Saisir le mot de passe
2024-07-10T08:26:41.019736 - Tentative d'envoi de touches à l'élément: _password
2024-07-10T08:26:41.442103 - Envoi de touches réussi à l'élément: _password
2024-07-10T08:26:41.473147 - Tentative d'envoi de touches à l'élément: _password
2024-07-10T08:26:41.747944 - Envoi de touches réussi à l'élément: _password
2024-07-10T08:26:41.774342 - Connexion réussie
2024-07-10T08:26:41.805034 - Cliquer sur l'icône de compte
2024-07-10T08:26:41.833781 - Tentative de clic sur l'élément: div[data-testid='avatar-root']
2024-07-10T08:26:49.084383 - Clic réussi sur l'élément: div[data-testid='avatar-root']
2024-07-10T08:26:49.119199 - Etape reussie
2024-07-10T08:26:51.169136 - Cliquer sur le bouton de déconnexion
2024-07-10T08:26:51.199412 - Tentative de clic sur l'élément: sc-kDDrLX.eegowI.MuiTypography-root.MuiTypography-body.webapp-0-webapp112
