2024-07-10T07:40:54.276628 - Début de la procédure de connexion
2024-07-10T07:40:54.297376 - Cliquer sur l'icône de connexion
2024-07-10T07:40:54.320572 - Tentative de clic sur l'élément: //*[name()='svg' and @data-testid='ExpandMoreIcon']
2024-07-10T07:41:02.370847 - Clic réussi sur l'élément: //*[name()='svg' and @data-testid='ExpandMoreIcon']
2024-07-10T07:41:07.411843 - Cliquer sur le bouton 'Se connecter'
2024-07-10T07:41:07.421091 - Tentative de clic sur l'élément: //*[@id='main-header-menu']/a[2]/div/span
2024-07-10T07:41:07.629018 - Clic réussi sur l'élément: //*[@id='main-header-menu']/a[2]/div/span
2024-07-10T07:41:12.641822 - Saisir l'adresse email
2024-07-10T07:41:12.648643 - Tentative d'envoi de touches à l'élément: field-userEmail-1
2024-07-10T07:41:12.849347 - Envoi de touches réussi à l'élément: field-userEmail-1
2024-07-10T07:41:12.858982 - Tentative d'envoi de touches à l'élément: field-userEmail-1
2024-07-10T07:41:13.006601 - Envoi de touches réussi à l'élément: field-userEmail-1
2024-07-10T07:41:15.020833 - Cliquer sur le bouton 'Continuer'
2024-07-10T07:41:15.027306 - Saisir le mot de passe
2024-07-10T07:41:15.037917 - Tentative d'envoi de touches à l'élément: _password
2024-07-10T07:41:15.221551 - Envoi de touches réussi à l'élément: _password
2024-07-10T07:41:15.228955 - Tentative d'envoi de touches à l'élément: _password
2024-07-10T07:41:15.320628 - Envoi de touches réussi à l'élément: _password
2024-07-10T07:41:15.331968 - Connexion réussie
2024-07-10T07:41:15.341086 - Cliquer sur l'icône de compte
2024-07-10T07:41:15.349956 - Tentative de clic sur l'élément: //*[@id='main-header-menu']/a[2]/div/span
