2024-07-10T07:52:59.958243 - Erreur lors du clic sur l'élément: .sc-gicCDI .hrRwEh .MuiSvgIcon-root .MuiSvgIcon-fontSizeMedium .dom-services-2-dom-services34, Erreur: Message: invalid selector
from javascript error: {"status":32,"value":"An invalid or illegal selector was specified"}
  (Session info: chrome-headless-shell=126.0.6478.114); For documentation on this error, please visit: https://www.selenium.dev/documentation/webdriver/troubleshooting/errors#invalid-selector-exception
Stacktrace:
#0 0x55eb106c969a <unknown>
#1 0x55eb103ac0dc <unknown>
#2 0x55eb103b17e9 <unknown>
#3 0x55eb103b3595 <unknown>
#4 0x55eb103b361c <unknown>
#5 0x55eb103f84ee <unknown>
#6 0x55eb103f8a21 <unknown>
#7 0x55eb1043d234 <unknown>
#8 0x55eb1041b89d <unknown>
#9 0x55eb1043a5c3 <unknown>
#10 0x55eb1041b613 <unknown>
#11 0x55eb103eb4f7 <unknown>
#12 0x55eb103ebe4e <unknown>
#13 0x55eb1068f86b <unknown>
#14 0x55eb10693911 <unknown>
#15 0x55eb1067b35e <unknown>
#16 0x55eb10694472 <unknown>
#17 0x55eb1065fcbf <unknown>
#18 0x55eb106b9098 <unknown>
#19 0x55eb106b9270 <unknown>
#20 0x55eb106c87cc <unknown>
#21 0x7fbe22439ac3 <unknown>

2024-07-10T07:52:59.983824 - Erreur lors de la déconnexion: Message: invalid selector
from javascript error: {"status":32,"value":"An invalid or illegal selector was specified"}
  (Session info: chrome-headless-shell=126.0.6478.114); For documentation on this error, please visit: https://www.selenium.dev/documentation/webdriver/troubleshooting/errors#invalid-selector-exception
Stacktrace:
#0 0x55eb106c969a <unknown>
#1 0x55eb103ac0dc <unknown>
#2 0x55eb103b17e9 <unknown>
#3 0x55eb103b3595 <unknown>
#4 0x55eb103b361c <unknown>
#5 0x55eb103f84ee <unknown>
#6 0x55eb103f8a21 <unknown>
#7 0x55eb1043d234 <unknown>
#8 0x55eb1041b89d <unknown>
#9 0x55eb1043a5c3 <unknown>
#10 0x55eb1041b613 <unknown>
#11 0x55eb103eb4f7 <unknown>
#12 0x55eb103ebe4e <unknown>
#13 0x55eb1068f86b <unknown>
#14 0x55eb10693911 <unknown>
#15 0x55eb1067b35e <unknown>
#16 0x55eb10694472 <unknown>
#17 0x55eb1065fcbf <unknown>
#18 0x55eb106b9098 <unknown>
#19 0x55eb106b9270 <unknown>
#20 0x55eb106c87cc <unknown>
#21 0x7fbe22439ac3 <unknown>

