2024-07-10T10:12:23.806906 - Erreur lors du clique sur le bouton de recherche : Message: 
Stacktrace:
#0 0x561560fe369a <unknown>
#1 0x561560cc60dc <unknown>
#2 0x561560d12931 <unknown>
#3 0x561560d12a21 <unknown>
#4 0x561560d57234 <unknown>
#5 0x561560d3589d <unknown>
#6 0x561560d545c3 <unknown>
#7 0x561560d35613 <unknown>
#8 0x561560d054f7 <unknown>
#9 0x561560d05e4e <unknown>
#10 0x561560fa986b <unknown>
#11 0x561560fad911 <unknown>
#12 0x561560f9535e <unknown>
#13 0x561560fae472 <unknown>
#14 0x561560f79cbf <unknown>
#15 0x561560fd3098 <unknown>
#16 0x561560fd3270 <unknown>
#17 0x561560fe27cc <unknown>
#18 0x7efe8cb7bac3 <unknown>

2024-07-10T10:12:38.963331 - Erreur la recherche a échoué : Message: 
Stacktrace:
#0 0x561560fe369a <unknown>
#1 0x561560cc60dc <unknown>
#2 0x561560d12931 <unknown>
#3 0x561560d12a21 <unknown>
#4 0x561560d57234 <unknown>
#5 0x561560d3589d <unknown>
#6 0x561560d545c3 <unknown>
#7 0x561560d35613 <unknown>
#8 0x561560d054f7 <unknown>
#9 0x561560d05e4e <unknown>
#10 0x561560fa986b <unknown>
#11 0x561560fad911 <unknown>
#12 0x561560f9535e <unknown>
#13 0x561560fae472 <unknown>
#14 0x561560f79cbf <unknown>
#15 0x561560fd3098 <unknown>
#16 0x561560fd3270 <unknown>
#17 0x561560fe27cc <unknown>
#18 0x7efe8cb7bac3 <unknown>

2024-07-10T10:12:49.022878 - Erreur lors de la selectionnion du 3 ème élément de la liste de recherche : Message: 
Stacktrace:
#0 0x561560fe369a <unknown>
#1 0x561560cc60dc <unknown>
#2 0x561560d12931 <unknown>
#3 0x561560d12a21 <unknown>
#4 0x561560d57234 <unknown>
#5 0x561560d3589d <unknown>
#6 0x561560d545c3 <unknown>
#7 0x561560d35613 <unknown>
#8 0x561560d054f7 <unknown>
#9 0x561560d05e4e <unknown>
#10 0x561560fa986b <unknown>
#11 0x561560fad911 <unknown>
#12 0x561560f9535e <unknown>
#13 0x561560fae472 <unknown>
#14 0x561560f79cbf <unknown>
#15 0x561560fd3098 <unknown>
#16 0x561560fd3270 <unknown>
#17 0x561560fe27cc <unknown>
#18 0x7efe8cb7bac3 <unknown>

