2024-07-10T13:22:53.933711 - Erreur pour fermer le pop-up: Message: 
Stacktrace:
#0 0x56483f9f669a <unknown>
#1 0x56483f6d90dc <unknown>
#2 0x56483f725931 <unknown>
#3 0x56483f725a21 <unknown>
#4 0x56483f76a234 <unknown>
#5 0x56483f74889d <unknown>
#6 0x56483f7675c3 <unknown>
#7 0x56483f748613 <unknown>
#8 0x56483f7184f7 <unknown>
#9 0x56483f718e4e <unknown>
#10 0x56483f9bc86b <unknown>
#11 0x56483f9c0911 <unknown>
#12 0x56483f9a835e <unknown>
#13 0x56483f9c1472 <unknown>
#14 0x56483f98ccbf <unknown>
#15 0x56483f9e6098 <unknown>
#16 0x56483f9e6270 <unknown>
#17 0x56483f9f57cc <unknown>
#18 0x7fca6eddbac3 <unknown>

2024-07-10T13:23:04.222735 - Erreur lors du clique sur le bouton de recherche : Message: 
Stacktrace:
#0 0x56483f9f669a <unknown>
#1 0x56483f6d90dc <unknown>
#2 0x56483f725931 <unknown>
#3 0x56483f725a21 <unknown>
#4 0x56483f76a234 <unknown>
#5 0x56483f74889d <unknown>
#6 0x56483f7675c3 <unknown>
#7 0x56483f748613 <unknown>
#8 0x56483f7184f7 <unknown>
#9 0x56483f718e4e <unknown>
#10 0x56483f9bc86b <unknown>
#11 0x56483f9c0911 <unknown>
#12 0x56483f9a835e <unknown>
#13 0x56483f9c1472 <unknown>
#14 0x56483f98ccbf <unknown>
#15 0x56483f9e6098 <unknown>
#16 0x56483f9e6270 <unknown>
#17 0x56483f9f57cc <unknown>
#18 0x7fca6eddbac3 <unknown>

2024-07-10T13:23:10.624780 - Erreur la recherche a échoué : Message: element click intercepted: Element <input id="algolia-search-input" class="dom-services-2-dom-services56" role="searchbox" type="search" autocomplete="off" title="Rechercher" placeholder="Rechercher (cours, parcours, mots-clés...)" aria-label="Rechercher (cours, parcours, mots-clés...)" autocapitalize="off" autocorrect="off" spellcheck="false" data-isexpanded="false" tabindex="-1" value="" style="width: 0px;"> is not clickable at point (655, 27). Other element would receive the click: <path d="M15.5 14h-.79l-.28-.27C15.41 12.59 16 11.11 16 9.5 16 5.91 13.09 3 9.5 3S3 5.91 3 9.5 5.91 16 9.5 16c1.61 0 3.09-.59 4.23-1.57l.27.28v.79l5 4.99L20.49 19zm-6 0C7.01 14 5 11.99 5 9.5S7.01 5 9.5 5 14 7.01 14 9.5 11.99 14 9.5 14"></path>
  (Session info: chrome-headless-shell=126.0.6478.114)
Stacktrace:
#0 0x56483f9f669a <unknown>
#1 0x56483f6d90dc <unknown>
#2 0x56483f72c6c6 <unknown>
#3 0x56483f72a516 <unknown>
#4 0x56483f727ef7 <unknown>
#5 0x56483f726d2c <unknown>
#6 0x56483f71a40f <unknown>
#7 0x56483f748872 <unknown>
#8 0x56483f719d89 <unknown>
#9 0x56483f748a3e <unknown>
#10 0x56483f7675c3 <unknown>
#11 0x56483f748613 <unknown>
#12 0x56483f7184f7 <unknown>
#13 0x56483f718e4e <unknown>
#14 0x56483f9bc86b <unknown>
#15 0x56483f9c0911 <unknown>
#16 0x56483f9a835e <unknown>
#17 0x56483f9c1472 <unknown>
#18 0x56483f98ccbf <unknown>
#19 0x56483f9e6098 <unknown>
#20 0x56483f9e6270 <unknown>
#21 0x56483f9f57cc <unknown>
#22 0x7fca6eddbac3 <unknown>

2024-07-10T13:23:20.972960 - Erreur lors de la selectionnion du 3 ème élément de la liste de recherche : Message: 
Stacktrace:
#0 0x56483f9f669a <unknown>
#1 0x56483f6d90dc <unknown>
#2 0x56483f725931 <unknown>
#3 0x56483f725a21 <unknown>
#4 0x56483f76a234 <unknown>
#5 0x56483f74889d <unknown>
#6 0x56483f7675c3 <unknown>
#7 0x56483f748613 <unknown>
#8 0x56483f7184f7 <unknown>
#9 0x56483f718e4e <unknown>
#10 0x56483f9bc86b <unknown>
#11 0x56483f9c0911 <unknown>
#12 0x56483f9a835e <unknown>
#13 0x56483f9c1472 <unknown>
#14 0x56483f98ccbf <unknown>
#15 0x56483f9e6098 <unknown>
#16 0x56483f9e6270 <unknown>
#17 0x56483f9f57cc <unknown>
#18 0x7fca6eddbac3 <unknown>

