2024-07-10T13:40:16.178994 - Erreur lors du clique sur le bouton de recherche : Message: 
Stacktrace:
#0 0x557309e6969a <unknown>
#1 0x557309b4c0dc <unknown>
#2 0x557309b98931 <unknown>
#3 0x557309b98a21 <unknown>
#4 0x557309bdd234 <unknown>
#5 0x557309bbb89d <unknown>
#6 0x557309bda5c3 <unknown>
#7 0x557309bbb613 <unknown>
#8 0x557309b8b4f7 <unknown>
#9 0x557309b8be4e <unknown>
#10 0x557309e2f86b <unknown>
#11 0x557309e33911 <unknown>
#12 0x557309e1b35e <unknown>
#13 0x557309e34472 <unknown>
#14 0x557309dffcbf <unknown>
#15 0x557309e59098 <unknown>
#16 0x557309e59270 <unknown>
#17 0x557309e687cc <unknown>
#18 0x7f8e76847ac3 <unknown>

2024-07-10T13:40:22.519081 - Erreur la recherche a échoué : Message: element click intercepted: Element <input id="algolia-search-input" class="dom-services-2-dom-services56" role="searchbox" type="search" autocomplete="off" title="Rechercher" placeholder="Rechercher (cours, parcours, mots-clés...)" aria-label="Rechercher (cours, parcours, mots-clés...)" autocapitalize="off" autocorrect="off" spellcheck="false" data-isexpanded="false" tabindex="-1" value="" style="width: 0px;"> is not clickable at point (655, 27). Other element would receive the click: <path d="M15.5 14h-.79l-.28-.27C15.41 12.59 16 11.11 16 9.5 16 5.91 13.09 3 9.5 3S3 5.91 3 9.5 5.91 16 9.5 16c1.61 0 3.09-.59 4.23-1.57l.27.28v.79l5 4.99L20.49 19zm-6 0C7.01 14 5 11.99 5 9.5S7.01 5 9.5 5 14 7.01 14 9.5 11.99 14 9.5 14"></path>
  (Session info: chrome-headless-shell=126.0.6478.114)
Stacktrace:
#0 0x557309e6969a <unknown>
#1 0x557309b4c0dc <unknown>
#2 0x557309b9f6c6 <unknown>
#3 0x557309b9d516 <unknown>
#4 0x557309b9aef7 <unknown>
#5 0x557309b99d2c <unknown>
#6 0x557309b8d40f <unknown>
#7 0x557309bbb872 <unknown>
#8 0x557309b8cd89 <unknown>
#9 0x557309bbba3e <unknown>
#10 0x557309bda5c3 <unknown>
#11 0x557309bbb613 <unknown>
#12 0x557309b8b4f7 <unknown>
#13 0x557309b8be4e <unknown>
#14 0x557309e2f86b <unknown>
#15 0x557309e33911 <unknown>
#16 0x557309e1b35e <unknown>
#17 0x557309e34472 <unknown>
#18 0x557309dffcbf <unknown>
#19 0x557309e59098 <unknown>
#20 0x557309e59270 <unknown>
#21 0x557309e687cc <unknown>
#22 0x7f8e76847ac3 <unknown>

2024-07-10T13:40:32.838324 - Erreur lors de la selectionnion du 3 ème élément de la liste de recherche : Message: 
Stacktrace:
#0 0x557309e6969a <unknown>
#1 0x557309b4c0dc <unknown>
#2 0x557309b98931 <unknown>
#3 0x557309b98a21 <unknown>
#4 0x557309bdd234 <unknown>
#5 0x557309bbb89d <unknown>
#6 0x557309bda5c3 <unknown>
#7 0x557309bbb613 <unknown>
#8 0x557309b8b4f7 <unknown>
#9 0x557309b8be4e <unknown>
#10 0x557309e2f86b <unknown>
#11 0x557309e33911 <unknown>
#12 0x557309e1b35e <unknown>
#13 0x557309e34472 <unknown>
#14 0x557309dffcbf <unknown>
#15 0x557309e59098 <unknown>
#16 0x557309e59270 <unknown>
#17 0x557309e687cc <unknown>
#18 0x7f8e76847ac3 <unknown>

