2024-07-10T09:38:54.947092 - Erreur lors du clique sur le bouton de recherche : Message: 
Stacktrace:
#0 0x559b5579769a <unknown>
#1 0x559b5547a0dc <unknown>
#2 0x559b554c6931 <unknown>
#3 0x559b554c6a21 <unknown>
#4 0x559b5550b234 <unknown>
#5 0x559b554e989d <unknown>
#6 0x559b555085c3 <unknown>
#7 0x559b554e9613 <unknown>
#8 0x559b554b94f7 <unknown>
#9 0x559b554b9e4e <unknown>
#10 0x559b5575d86b <unknown>
#11 0x559b55761911 <unknown>
#12 0x559b5574935e <unknown>
#13 0x559b55762472 <unknown>
#14 0x559b5572dcbf <unknown>
#15 0x559b55787098 <unknown>
#16 0x559b55787270 <unknown>
#17 0x559b557967cc <unknown>
#18 0x7fd6d895fac3 <unknown>

2024-07-10T09:39:07.117169 - Erreur la recherche a échoué : Message: 
Stacktrace:
#0 0x559b5579769a <unknown>
#1 0x559b5547a0dc <unknown>
#2 0x559b554c6931 <unknown>
#3 0x559b554c6a21 <unknown>
#4 0x559b5550b234 <unknown>
#5 0x559b554e989d <unknown>
#6 0x559b555085c3 <unknown>
#7 0x559b554e9613 <unknown>
#8 0x559b554b94f7 <unknown>
#9 0x559b554b9e4e <unknown>
#10 0x559b5575d86b <unknown>
#11 0x559b55761911 <unknown>
#12 0x559b5574935e <unknown>
#13 0x559b55762472 <unknown>
#14 0x559b5572dcbf <unknown>
#15 0x559b55787098 <unknown>
#16 0x559b55787270 <unknown>
#17 0x559b557967cc <unknown>
#18 0x7fd6d895fac3 <unknown>

2024-07-10T09:39:17.290261 - Erreur lors de la selectionnion du 3 ème élément de la liste de recherche : Message: 
Stacktrace:
#0 0x559b5579769a <unknown>
#1 0x559b5547a0dc <unknown>
#2 0x559b554c6931 <unknown>
#3 0x559b554c6a21 <unknown>
#4 0x559b5550b234 <unknown>
#5 0x559b554e989d <unknown>
#6 0x559b555085c3 <unknown>
#7 0x559b554e9613 <unknown>
#8 0x559b554b94f7 <unknown>
#9 0x559b554b9e4e <unknown>
#10 0x559b5575d86b <unknown>
#11 0x559b55761911 <unknown>
#12 0x559b5574935e <unknown>
#13 0x559b55762472 <unknown>
#14 0x559b5572dcbf <unknown>
#15 0x559b55787098 <unknown>
#16 0x559b55787270 <unknown>
#17 0x559b557967cc <unknown>
#18 0x7fd6d895fac3 <unknown>

